<?xml version="1.0" encoding="UTF-8"?>
<Site BuildName="Linux-"
	BuildStamp="20170426-0546-Experimental"
	Name="CerroTorre"
	Generator="ctest-3.4.2"
	CompilerName=""
	CompilerVersion=""
	OSName="Linux"
	Hostname="CerroTorre"
	OSRelease="4.2.0-42-generic"
	OSVersion="#49-Ubuntu SMP Tue Jun 28 21:26:26 UTC 2016"
	OSPlatform="x86_64"
	Is64Bits="1"
	VendorString="GenuineIntel"
	VendorID="Intel Corporation"
	FamilyID="6"
	ModelID="94"
	ProcessorCacheSize="8192"
	NumberOfLogicalCPU="8"
	NumberOfPhysicalCPU="1"
	TotalVirtualMemory="63336"
	TotalPhysicalMemory="62267"
	LogicalProcessorsPerPhysical="8"
	ProcessorClockFrequency="3489.74"
	>
	<Testing>
		<StartDateTime>Apr 26 01:47 EDT</StartDateTime>
		<StartTestTime>1493185650</StartTestTime>
		<TestList>
			<Test>./tests/js_coverage_reset</Test>
			<Test>./py_coverage_reset</Test>
			<Test>./packaging_generate</Test>
			<Test>./server_api_describe</Test>
			<Test>./server_api_key</Test>
			<Test>./documentation_generate</Test>
			<Test>./server_access</Test>
			<Test>./server_events</Test>
			<Test>./server_collection</Test>
			<Test>./server_custom_root</Test>
			<Test>./server_filter_logging</Test>
			<Test>./server_file</Test>
			<Test>./server_hash_state</Test>
			<Test>./server_folder</Test>
			<Test>./server_install</Test>
			<Test>./server_logging_config</Test>
			<Test>./server_item</Test>
			<Test>./server_model</Test>
			<Test>./server_routetable</Test>
			<Test>./server_group</Test>
			<Test>./server_assetstore</Test>
			<Test>./server_notification</Test>
			<Test>./server_rest_util</Test>
			<Test>./server_rest_decorator</Test>
			<Test>./server_routes</Test>
			<Test>./server_search</Test>
			<Test>./server_setting</Test>
			<Test>./server_size</Test>
			<Test>./server_resource</Test>
			<Test>./server_sftp</Test>
			<Test>./server_stream</Test>
			<Test>./server_token</Test>
			<Test>./server_webroot</Test>
			<Test>./server_path_utilities</Test>
			<Test>./server_mail</Test>
			<Test>./server_external_data_core</Test>
			<Test>./server_system</Test>
			<Test>./server_external_data_plugin</Test>
			<Test>./server_authorized_upload.upload</Test>
			<Test>./server_gravatar.gravatar</Test>
			<Test>./server_py_client.cli</Test>
			<Test>./server_metadata_extractor.client_metadata_extractor</Test>
			<Test>./server_provenance.provenance</Test>
			<Test>./server_metadata_extractor.server_metadata_extractor</Test>
			<Test>./server_item_licenses.item_licenses</Test>
			<Test>./server_autojoin.autojoin</Test>
			<Test>./server_thumbnails.thumbnail</Test>
			<Test>./server_geospatial.geospatial</Test>
			<Test>./server_worker.worker</Test>
			<Test>./server_google_analytics.google_analytics</Test>
			<Test>./server_py_client.lib</Test>
			<Test>./server_homepage.homepage</Test>
			<Test>./server_mongo_search.search</Test>
			<Test>./server_user_quota.user_quota</Test>
			<Test>./server_curation.curation</Test>
			<Test>./server_item_tasks.tasks</Test>
			<Test>./server_user</Test>
			<Test>./server_dicom_viewer.dicom_viewer</Test>
			<Test>./server_hdfs_assetstore.assetstore</Test>
			<Test>./server_hashsum_download.hashsum_download</Test>
			<Test>./server_jobs.jobs</Test>
			<Test>./web_client_collection</Test>
			<Test>./web_client_group</Test>
			<Test>./web_client_widgets</Test>
			<Test>./packaging_install</Test>
			<Test>./web_client_swagger</Test>
			<Test>./web_client_routing</Test>
			<Test>./server_oauth.oauth</Test>
			<Test>./web_client_version</Test>
			<Test>./web_client_collection_base_class</Test>
			<Test>./web_client_set_api</Test>
			<Test>./web_client_datetime_widget</Test>
			<Test>./web_client_item</Test>
			<Test>./web_client_empty_layout</Test>
			<Test>./web_client_data_s3</Test>
			<Test>./web_client_data_filesystem</Test>
			<Test>./web_client_data_gridfs</Test>
			<Test>./web_client_custom_widgets</Test>
			<Test>./web_client_browser</Test>
			<Test>./web_client_folder</Test>
			<Test>./web_client_user</Test>
			<Test>./web_client_authorized_upload.authorized_upload</Test>
			<Test>./web_client_provenance.provenance</Test>
			<Test>./web_client_item_licenses.item_licenses</Test>
			<Test>./web_client_data_gridfsrs</Test>
			<Test>./web_client_autojoin.autojoin</Test>
			<Test>./web_client_thumbnails.thumbnails</Test>
			<Test>./web_client_geospatial.geospatial</Test>
			<Test>./web_client_user_quota.user_quota</Test>
			<Test>./web_client_jobs.jobs</Test>
			<Test>./web_client_item_tasks.widgets</Test>
			<Test>./web_client_item_tasks.tasks</Test>
			<Test>./python_static_analysis_core</Test>
			<Test>./web_client_curation.curation</Test>
			<Test>./eslint_core</Test>
			<Test>./eslint_grunt_modules</Test>
			<Test>./eslint_test_specs</Test>
			<Test>./packaging_plugin_install</Test>
			<Test>./eslint_item_tasks</Test>
			<Test>./python_static_analysis_ansible_client_tests</Test>
			<Test>./eslint_thumbnails</Test>
			<Test>./eslint_jobs</Test>
			<Test>./eslint_homepage</Test>
			<Test>./python_static_analysis_oauth_tests</Test>
			<Test>./eslint_user_quota</Test>
			<Test>./web_client_hashsum_download.hashsum_download</Test>
			<Test>./eslint_curation</Test>
			<Test>./eslint_hdfs_assetstore</Test>
			<Test>./puglint_core</Test>
			<Test>./eslint_google_analytics</Test>
			<Test>./eslint_oauth</Test>
			<Test>./python_static_analysis_provenance_tests</Test>
			<Test>./python_static_analysis_item_licenses_tests</Test>
			<Test>./python_static_analysis_autojoin_tests</Test>
			<Test>./python_static_analysis_curation_tests</Test>
			<Test>./eslint_gravatar</Test>
			<Test>./python_static_analysis_hashsum_download_tests</Test>
			<Test>./eslint_geospatial</Test>
			<Test>./python_static_analysis_thumbnails_tests</Test>
			<Test>./python_static_analysis_jobs</Test>
			<Test>./python_static_analysis_jobs_tests</Test>
			<Test>./python_static_analysis_item_tasks</Test>
			<Test>./eslint_autojoin</Test>
			<Test>./eslint_worker</Test>
			<Test>./eslint_item_licenses</Test>
			<Test>./python_static_analysis_dicom_viewer_tests</Test>
			<Test>./eslint_hashsum_download</Test>
			<Test>./python_static_analysis_provenance</Test>
			<Test>./python_static_analysis_oauth</Test>
			<Test>./python_static_analysis_worker</Test>
			<Test>./python_static_analysis_hdfs_assetstore_tests</Test>
			<Test>./eslint_provenance</Test>
			<Test>./python_static_analysis_item_licenses</Test>
			<Test>./python_static_analysis_metadata_extractor_tests</Test>
			<Test>./eslint_celery_jobs</Test>
			<Test>./python_static_analysis_user_quota</Test>
			<Test>./python_static_analysis_gravatar</Test>
			<Test>./python_static_analysis_metadata_extractor</Test>
			<Test>./eslint_authorized_upload</Test>
			<Test>./python_static_analysis_google_analytics_tests</Test>
			<Test>./python_static_analysis_dicom_viewer</Test>
			<Test>./python_static_analysis_hdfs_assetstore</Test>
			<Test>./python_static_analysis_google_analytics</Test>
			<Test>./python_static_analysis_geospatial_tests</Test>
			<Test>./python_static_analysis_authorized_upload_tests</Test>
			<Test>./python_static_analysis_gravatar_tests</Test>
			<Test>./python_static_analysis_hashsum_download</Test>
			<Test>./python_static_analysis_user_quota_tests</Test>
			<Test>./python_static_analysis_geospatial</Test>
			<Test>./python_static_analysis_homepage</Test>
			<Test>./eslint_grunt_main</Test>
			<Test>./python_static_analysis_authorized_upload</Test>
			<Test>./python_static_analysis_worker_tests</Test>
			<Test>./python_static_analysis_thumbnails</Test>
			<Test>./python_static_analysis_autojoin</Test>
			<Test>./python_static_analysis_mongo_search_tests</Test>
			<Test>./python_static_analysis_mongo_search</Test>
			<Test>./python_static_analysis_item_tasks_tests</Test>
			<Test>./python_static_analysis_curation</Test>
			<Test>./eslint_dicom_viewer</Test>
			<Test>./puglint_item_tasks</Test>
			<Test>./puglint_jobs</Test>
			<Test>./puglint_oauth</Test>
			<Test>./python_static_analysis_celery_jobs</Test>
			<Test>./python_static_analysis_homepage_tests</Test>
			<Test>./puglint_autojoin</Test>
			<Test>./puglint_authorized_upload</Test>
			<Test>./puglint_google_analytics</Test>
			<Test>./puglint_hdfs_assetstore</Test>
			<Test>./puglint_celery_jobs</Test>
			<Test>./puglint_geospatial</Test>
			<Test>./puglint_gravatar</Test>
			<Test>./puglint_dicom_viewer</Test>
			<Test>./puglint_curation</Test>
			<Test>./puglint_user_quota</Test>
			<Test>./puglint_homepage</Test>
			<Test>./puglint_worker</Test>
			<Test>./puglint_thumbnails</Test>
			<Test>./python_static_analysis_core_tests</Test>
			<Test>./puglint_hashsum_download</Test>
			<Test>./puglint_item_licenses</Test>
			<Test>./server_upload</Test>
			<Test>./packaging_verify_contents</Test>
			<Test>./puglint_provenance</Test>
			<Test>./py_coverage_combine</Test>
			<Test>./puglint_item_previews</Test>
			<Test>./eslint_item_previews</Test>
			<Test>./python_static_analysis_python_client</Test>
			<Test>./py_coverage</Test>
			<Test>./web_client_admin</Test>
			<Test>./js_coverage_combine_report</Test>
			<Test>./py_coverage_html</Test>
			<Test>./py_coverage_xml</Test>
		</TestList>
		<Test Status="passed">
			<Name>js_coverage_reset</Name>
			<Path>./tests</Path>
			<FullName>./tests/js_coverage_reset</FullName>
			<FullCommandLine>/home/jcfr/Software/cmake-3.4.2-Linux-x86_64/bin/cmake "-E" "remove_directory" "/home/jcfr/Projects/girder-build/js_coverage"</FullCommandLine>
			<Results>
				<NamedMeasurement type="numeric/double" name="Execution Time">
					<Value>0.00114584</Value>
				</NamedMeasurement>
				<NamedMeasurement type="text/string" name="Completion Status">
					<Value>Completed</Value>
				</NamedMeasurement>
				<NamedMeasurement type="text/string" name="Command Line">
					<Value>/home/jcfr/Software/cmake-3.4.2-Linux-x86_64/bin/cmake "-E" "remove_directory" "/home/jcfr/Projects/girder-build/js_coverage"</Value>
				</NamedMeasurement>
				<Measurement>
					<Value></Value>
				</Measurement>
			</Results>
			<Labels>
				<Label>girder_browser</Label>
			</Labels>
		</Test>
		<Test Status="passed">
			<Name>py_coverage_reset</Name>
			<Path>.</Path>
			<FullName>./py_coverage_reset</FullName>
			<FullCommandLine>/home/jcfr/.virtualenvs/girder_env/bin/coverage "erase" "--rcfile=/home/jcfr/Projects/girder-build/tests/girder.coveragerc"</FullCommandLine>
			<Results>
				<NamedMeasurement type="numeric/double" name="Execution Time">
					<Value>0.202706</Value>
				</NamedMeasurement>
				<NamedMeasurement type="text/string" name="Completion Status">
					<Value>Completed</Value>
				</NamedMeasurement>
				<NamedMeasurement type="text/string" name="Command Line">
					<Value>/home/jcfr/.virtualenvs/girder_env/bin/coverage "erase" "--rcfile=/home/jcfr/Projects/girder-build/tests/girder.coveragerc"</Value>
				</NamedMeasurement>
				<Measurement>
					<Value></Value>
				</Measurement>
			</Results>
			<Labels>
				<Label>girder_python</Label>
			</Labels>
		</Test>
		<Test Status="passed">
			<Name>packaging_generate</Name>
			<Path>.</Path>
			<FullName>./packaging_generate</FullName>
			<FullCommandLine>/home/jcfr/Projects/girder/node_modules/.bin/grunt "package"</FullCommandLine>
			<Results>
				<NamedMeasurement type="numeric/double" name="Execution Time">
					<Value>2.20539</Value>
				</NamedMeasurement>
				<NamedMeasurement type="text/string" name="Completion Status">
					<Value>Completed</Value>
				</NamedMeasurement>
				<NamedMeasurement type="text/string" name="Command Line">
					<Value>/home/jcfr/Projects/girder/node_modules/.bin/grunt "package"</Value>
				</NamedMeasurement>
				<Measurement>
					<Value>fallbackLoader option has been deprecated - replace with "fallback"
loader option has been deprecated - replace with "use"
fallbackLoader option has been deprecated - replace with "fallback"
loader option has been deprecated - replace with "use"
Running "remove-packaging" task

Running "shell:package-server" (shell) task
warning: no previously-included files matching '*' found under directory 'tests'
warning: no previously-included files matching '*.pyo' found anywhere in distribution
Created girder-2.2.0.tar.gz (996224 bytes)

Done.
</Value>
				</Measurement>
			</Results>
			<Labels>
				<Label>girder_python</Label>
			</Labels>
		</Test>
		<Test Status="passed">
			<Name>server_api_describe</Name>
			<Path>.</Path>
			<FullName>./server_api_describe</FullName>
			<FullCommandLine>/home/jcfr/.virtualenvs/girder_env/bin/coverage "run" "--parallel-mode" "--rcfile=/home/jcfr/Projects/girder-build/tests/girder.coveragerc" "--source=girder,/home/jcfr/Projects/girder/clients/python/girder_client" "-m" "unittest" "-v" "tests.cases.api_describe_test"</FullCommandLine>
			<Results>
				<NamedMeasurement type="numeric/double" name="Execution Time">
					<Value>3.80596</Value>
				</NamedMeasurement>
				<NamedMeasurement type="text/string" name="Completion Status">
					<Value>Completed</Value>
				</NamedMeasurement>
				<NamedMeasurement type="text/string" name="Command Line">
					<Value>/home/jcfr/.virtualenvs/girder_env/bin/coverage "run" "--parallel-mode" "--rcfile=/home/jcfr/Projects/girder-build/tests/girder.coveragerc" "--source=girder,/home/jcfr/Projects/girder/clients/python/girder_client" "-m" "unittest" "-v" "tests.cases.api_describe_test"</Value>
				</NamedMeasurement>
				<Measurement>
					<Value>[NON-XML-CHAR-0x1B][1;33mMocking Girder log methods.[NON-XML-CHAR-0x1B][0m
[NON-XML-CHAR-0x1B][1;33mWARNING: adding swagger models without specifying resources to bind to is discouraged (Global).[NON-XML-CHAR-0x1B][0m
[NON-XML-CHAR-0x1B][35mConnected to MongoDB: mongodb://localhost:27017/girder_test_server_api_describe[NON-XML-CHAR-0x1B][0m
[NON-XML-CHAR-0x1B][35mRunning in mode: testing[NON-XML-CHAR-0x1B][0m
[NON-XML-CHAR-0x1B][35mResolving plugin dependencies...[NON-XML-CHAR-0x1B][0m
/home/jcfr/Projects/girder/girder/api/describe.py:544: DeprecationWarning: inspect.getargspec() is deprecated, use inspect.signature() instead
  fnInfo = inspect.getargspec(fun)
/home/jcfr/.virtualenvs/girder_env/lib/python3.5/importlib/_bootstrap_external.py:412: ImportWarning: Not importing directory /home/jcfr/.virtualenvs/girder_env/lib/python3.5/site-packages/google: missing __init__
  _warnings.warn(msg.format(portions[0]), ImportWarning)
/home/jcfr/Projects/girder/girder/api/describe.py:544: DeprecationWarning: inspect.getargspec() is deprecated, use inspect.signature() instead
  fnInfo = inspect.getargspec(fun)
[26/Apr/2017:01:47:32] ENGINE Bus STARTING
[NON-XML-CHAR-0x1B][35mStarted asynchronous event manager thr...
The rest of the test output was removed since it exceeds the threshold of 1024 bytes.
</Value>
				</Measurement>
			</Results>
			<Labels>
				<Label>girder_python</Label>
			</Labels>
		</Test>
		<Test Status="passed">
			<Name>server_api_key</Name>
			<Path>.</Path>
			<FullName>./server_api_key</FullName>
			<FullCommandLine>/home/jcfr/.virtualenvs/girder_env/bin/coverage "run" "--parallel-mode" "--rcfile=/home/jcfr/Projects/girder-build/tests/girder.coveragerc" "--source=girder,/home/jcfr/Projects/girder/clients/python/girder_client" "-m" "unittest" "-v" "tests.cases.api_key_test"</FullCommandLine>
			<Results>
				<NamedMeasurement type="numeric/double" name="Execution Time">
					<Value>4.10668</Value>
				</NamedMeasurement>
				<NamedMeasurement type="text/string" name="Completion Status">
					<Value>Completed</Value>
				</NamedMeasurement>
				<NamedMeasurement type="text/string" name="Command Line">
					<Value>/home/jcfr/.virtualenvs/girder_env/bin/coverage "run" "--parallel-mode" "--rcfile=/home/jcfr/Projects/girder-build/tests/girder.coveragerc" "--source=girder,/home/jcfr/Projects/girder/clients/python/girder_client" "-m" "unittest" "-v" "tests.cases.api_key_test"</Value>
				</NamedMeasurement>
				<Measurement>
					<Value>[NON-XML-CHAR-0x1B][1;33mMocking Girder log methods.[NON-XML-CHAR-0x1B][0m
[NON-XML-CHAR-0x1B][35mConnected to MongoDB: mongodb://localhost:27017/girder_test_server_api_key[NON-XML-CHAR-0x1B][0m
[NON-XML-CHAR-0x1B][35mRunning in mode: testing[NON-XML-CHAR-0x1B][0m
[NON-XML-CHAR-0x1B][35mResolving plugin dependencies...[NON-XML-CHAR-0x1B][0m
/home/jcfr/Projects/girder/girder/api/describe.py:544: DeprecationWarning: inspect.getargspec() is deprecated, use inspect.signature() instead
  fnInfo = inspect.getargspec(fun)
/home/jcfr/.virtualenvs/girder_env/lib/python3.5/importlib/_bootstrap_external.py:412: ImportWarning: Not importing directory /home/jcfr/.virtualenvs/girder_env/lib/python3.5/site-packages/google: missing __init__
  _warnings.warn(msg.format(portions[0]), ImportWarning)
/home/jcfr/Projects/girder/girder/api/describe.py:544: DeprecationWarning: inspect.getargspec() is deprecated, use inspect.signature() instead
  fnInfo = inspect.getargspec(fun)
[26/Apr/2017:01:47:31] ENGINE Bus STARTING
[NON-XML-CHAR-0x1B][35mStarted asynchronous event manager thread.[NON-XML-CHAR-0x1B][0m
[26/Apr/2017:01:47:31] ENGINE Started monitor thread '_TimeoutMonitor'.
[26/Apr/2017:01:47:31] ENGINE B...
The rest of the test output was removed since it exceeds the threshold of 1024 bytes.
</Value>
				</Measurement>
			</Results>
			<Labels>
				<Label>girder_python</Label>
			</Labels>
		</Test>
		<Test Status="passed">
			<Name>documentation_generate</Name>
			<Path>.</Path>
			<FullName>./documentation_generate</FullName>
			<FullCommandLine>/home/jcfr/Projects/girder/node_modules/.bin/grunt "docs:clean"</FullCommandLine>
			<Results>
				<NamedMeasurement type="numeric/double" name="Execution Time">
					<Value>8.51407</Value>
				</NamedMeasurement>
				<NamedMeasurement type="text/string" name="Completion Status">
					<Value>Completed</Value>
				</NamedMeasurement>
				<NamedMeasurement type="text/string" name="Command Line">
					<Value>/home/jcfr/Projects/girder/node_modules/.bin/grunt "docs:clean"</Value>
				</NamedMeasurement>
				<Measurement>
					<Value>fallbackLoader option has been deprecated - replace with "fallback"
loader option has been deprecated - replace with "use"
fallbackLoader option has been deprecated - replace with "fallback"
loader option has been deprecated - replace with "use"
Running "docs:clean" (docs) task

Running "shell:sphinx_clean" (shell) task
rm -rf _build/*

Running "shell:sphinx" (shell) task
sphinx-build -b html -d _build/doctrees   . _build/html
Running Sphinx v1.4.3
making output directory...
loading pickled environment... not yet created
building [mo]: targets for 0 po files that are out of date
building [html]: targets for 21 source files that are out of date
updating environment: 21 added, 0 changed, 0 removed
reading sources... [  4%] admin-docs
reading sources... [  9%] api-docs
reading sources... [ 14%] build-docs
reading sources... [ 19%] configuration
reading sources... [ 23%] deploy
reading sources... [ 28%] developer-cookbook
reading sources... [ 33%] developer-docs
reading sources... [ 38%] development
reading sourc...
The rest of the test output was removed since it exceeds the threshold of 1024 bytes.
</Value>
				</Measurement>
			</Results>
			<Labels>
				<Label>girder_python</Label>
			</Labels>
		</Test>
		<Test Status="passed">
			<Name>server_access</Name>
			<Path>.</Path>
			<FullName>./server_access</FullName>
			<FullCommandLine>/home/jcfr/.virtualenvs/girder_env/bin/coverage "run" "--parallel-mode" "--rcfile=/home/jcfr/Projects/girder-build/tests/girder.coveragerc" "--source=girder,/home/jcfr/Projects/girder/clients/python/girder_client" "-m" "unittest" "-v" "tests.cases.access_test"</FullCommandLine>
			<Results>
				<NamedMeasurement type="numeric/double" name="Execution Time">
					<Value>6.47092</Value>
				</NamedMeasurement>
				<NamedMeasurement type="text/string" name="Completion Status">
					<Value>Completed</Value>
				</NamedMeasurement>
				<NamedMeasurement type="text/string" name="Command Line">
					<Value>/home/jcfr/.virtualenvs/girder_env/bin/coverage "run" "--parallel-mode" "--rcfile=/home/jcfr/Projects/girder-build/tests/girder.coveragerc" "--source=girder,/home/jcfr/Projects/girder/clients/python/girder_client" "-m" "unittest" "-v" "tests.cases.access_test"</Value>
				</NamedMeasurement>
				<Measurement>
					<Value>[NON-XML-CHAR-0x1B][1;33mMocking Girder log methods.[NON-XML-CHAR-0x1B][0m
[NON-XML-CHAR-0x1B][35mConnected to MongoDB: mongodb://localhost:27017/girder_test_server_access[NON-XML-CHAR-0x1B][0m
[NON-XML-CHAR-0x1B][35mRunning in mode: testing[NON-XML-CHAR-0x1B][0m
[NON-XML-CHAR-0x1B][35mResolving plugin dependencies...[NON-XML-CHAR-0x1B][0m
/home/jcfr/Projects/girder/girder/api/describe.py:544: DeprecationWarning: inspect.getargspec() is deprecated, use inspect.signature() instead
  fnInfo = inspect.getargspec(fun)
/home/jcfr/.virtualenvs/girder_env/lib/python3.5/importlib/_bootstrap_external.py:412: ImportWarning: Not importing directory /home/jcfr/.virtualenvs/girder_env/lib/python3.5/site-packages/google: missing __init__
  _warnings.warn(msg.format(portions[0]), ImportWarning)
/home/jcfr/Projects/girder/girder/api/describe.py:544: DeprecationWarning: inspect.getargspec() is deprecated, use inspect.signature() instead
  fnInfo = inspect.getargspec(fun)
[26/Apr/2017:01:47:33] ENGINE Bus STARTING
[NON-XML-CHAR-0x1B][35mStarted asynchronous event manager thread.[NON-XML-CHAR-0x1B][0m
[26/Apr/2017:01:47:33] ENGINE Started monitor thread '_TimeoutMonitor'.
[26/Apr/2017:01:47:33] ENGINE Bu...
The rest of the test output was removed since it exceeds the threshold of 1024 bytes.
</Value>
				</Measurement>
			</Results>
			<Labels>
				<Label>girder_python</Label>
			</Labels>
		</Test>
		<Test Status="passed">
			<Name>server_events</Name>
			<Path>.</Path>
			<FullName>./server_events</FullName>
			<FullCommandLine>/home/jcfr/.virtualenvs/girder_env/bin/coverage "run" "--parallel-mode" "--rcfile=/home/jcfr/Projects/girder-build/tests/girder.coveragerc" "--source=girder,/home/jcfr/Projects/girder/clients/python/girder_client" "-m" "unittest" "-v" "tests.cases.events_test"</FullCommandLine>
			<Results>
				<NamedMeasurement type="numeric/double" name="Execution Time">
					<Value>1.10192</Value>
				</NamedMeasurement>
				<NamedMeasurement type="text/string" name="Completion Status">
					<Value>Completed</Value>
				</NamedMeasurement>
				<NamedMeasurement type="text/string" name="Command Line">
					<Value>/home/jcfr/.virtualenvs/girder_env/bin/coverage "run" "--parallel-mode" "--rcfile=/home/jcfr/Projects/girder-build/tests/girder.coveragerc" "--source=girder,/home/jcfr/Projects/girder/clients/python/girder_client" "-m" "unittest" "-v" "tests.cases.events_test"</Value>
				</NamedMeasurement>
				<Measurement>
					<Value>testAsyncEvents (tests.cases.events_test.EventsTestCase) ... [NON-XML-CHAR-0x1B][1;33mMocking Girder log methods.[NON-XML-CHAR-0x1B][0m
[NON-XML-CHAR-0x1B][35mStarted asynchronous event manager thread.[NON-XML-CHAR-0x1B][0m
ok
testForegroundDaemon (tests.cases.events_test.EventsTestCase) ... [NON-XML-CHAR-0x1B][1;33mWARNING: Handler "_test.handler" for event "_test.event" was triggered on the daemon, but is actually running synchronously.[NON-XML-CHAR-0x1B][0m
[NON-XML-CHAR-0x1B][1;33mWARNING: Handler "_test.handler" for event "_test.event" was triggered on the daemon, but is actually running synchronously.[NON-XML-CHAR-0x1B][0m
ok
testSynchronousEvents (tests.cases.events_test.EventsTestCase) ... ok

----------------------------------------------------------------------
Ran 3 tests in 0.103s

OK
</Value>
				</Measurement>
			</Results>
			<Labels>
				<Label>girder_python</Label>
			</Labels>
		</Test>
		<Test Status="passed">
			<Name>server_collection</Name>
			<Path>.</Path>
			<FullName>./server_collection</FullName>
			<FullCommandLine>/home/jcfr/.virtualenvs/girder_env/bin/coverage "run" "--parallel-mode" "--rcfile=/home/jcfr/Projects/girder-build/tests/girder.coveragerc" "--source=girder,/home/jcfr/Projects/girder/clients/python/girder_client" "-m" "unittest" "-v" "tests.cases.collection_test"</FullCommandLine>
			<Results>
				<NamedMeasurement type="numeric/double" name="Execution Time">
					<Value>5.9836</Value>
				</NamedMeasurement>
				<NamedMeasurement type="text/string" name="Completion Status">
					<Value>Completed</Value>
				</NamedMeasurement>
				<NamedMeasurement type="text/string" name="Command Line">
					<Value>/home/jcfr/.virtualenvs/girder_env/bin/coverage "run" "--parallel-mode" "--rcfile=/home/jcfr/Projects/girder-build/tests/girder.coveragerc" "--source=girder,/home/jcfr/Projects/girder/clients/python/girder_client" "-m" "unittest" "-v" "tests.cases.collection_test"</Value>
				</NamedMeasurement>
				<Measurement>
					<Value>[NON-XML-CHAR-0x1B][1;33mMocking Girder log methods.[NON-XML-CHAR-0x1B][0m
[NON-XML-CHAR-0x1B][35mConnected to MongoDB: mongodb://localhost:27017/girder_test_server_collection[NON-XML-CHAR-0x1B][0m
[NON-XML-CHAR-0x1B][35mRunning in mode: testing[NON-XML-CHAR-0x1B][0m
[NON-XML-CHAR-0x1B][35mResolving plugin dependencies...[NON-XML-CHAR-0x1B][0m
/home/jcfr/Projects/girder/girder/api/describe.py:544: DeprecationWarning: inspect.getargspec() is deprecated, use inspect.signature() instead
  fnInfo = inspect.getargspec(fun)
/home/jcfr/.virtualenvs/girder_env/lib/python3.5/importlib/_bootstrap_external.py:412: ImportWarning: Not importing directory /home/jcfr/.virtualenvs/girder_env/lib/python3.5/site-packages/google: missing __init__
  _warnings.warn(msg.format(portions[0]), ImportWarning)
/home/jcfr/Projects/girder/girder/api/describe.py:544: DeprecationWarning: inspect.getargspec() is deprecated, use inspect.signature() instead
  fnInfo = inspect.getargspec(fun)
[26/Apr/2017:01:47:36] ENGINE Bus STARTING
[NON-XML-CHAR-0x1B][35mStarted asynchronous event manager thread.[NON-XML-CHAR-0x1B][0m
[26/Apr/2017:01:47:36] ENGINE Started monitor thread '_TimeoutMonitor'.
[26/Apr/2017:01:47:36] ENGIN...
The rest of the test output was removed since it exceeds the threshold of 1024 bytes.
</Value>
				</Measurement>
			</Results>
			<Labels>
				<Label>girder_python</Label>
			</Labels>
		</Test>
		<Test Status="passed">
			<Name>server_custom_root</Name>
			<Path>.</Path>
			<FullName>./server_custom_root</FullName>
			<FullCommandLine>/home/jcfr/.virtualenvs/girder_env/bin/coverage "run" "--parallel-mode" "--rcfile=/home/jcfr/Projects/girder-build/tests/girder.coveragerc" "--source=girder,/home/jcfr/Projects/girder/clients/python/girder_client" "-m" "unittest" "-v" "tests.cases.custom_root_test"</FullCommandLine>
			<Results>
				<NamedMeasurement type="numeric/double" name="Execution Time">
					<Value>2.31831</Value>
				</NamedMeasurement>
				<NamedMeasurement type="text/string" name="Completion Status">
					<Value>Completed</Value>
				</NamedMeasurement>
				<NamedMeasurement type="text/string" name="Command Line">
					<Value>/home/jcfr/.virtualenvs/girder_env/bin/coverage "run" "--parallel-mode" "--rcfile=/home/jcfr/Projects/girder-build/tests/girder.coveragerc" "--source=girder,/home/jcfr/Projects/girder/clients/python/girder_client" "-m" "unittest" "-v" "tests.cases.custom_root_test"</Value>
				</NamedMeasurement>
				<Measurement>
					<Value>testCustomWebRoot (tests.cases.custom_root_test.CustomRootTestCase) ... [NON-XML-CHAR-0x1B][1;33mMocking Girder log methods.[NON-XML-CHAR-0x1B][0m
[NON-XML-CHAR-0x1B][35mConnected to MongoDB: mongodb://localhost:27017/girder_test_server_custom_root[NON-XML-CHAR-0x1B][0m
[NON-XML-CHAR-0x1B][35mRunning in mode: testing[NON-XML-CHAR-0x1B][0m
[NON-XML-CHAR-0x1B][35mResolving plugin dependencies...[NON-XML-CHAR-0x1B][0m
[NON-XML-CHAR-0x1B][1;33mWARNING: No description docs present for route GET collection/unbound/default/noargs[NON-XML-CHAR-0x1B][0m
[NON-XML-CHAR-0x1B][32mLoaded plugin "test_plugin"[NON-XML-CHAR-0x1B][0m
/home/jcfr/Projects/girder/girder/api/describe.py:544: DeprecationWarning: inspect.getargspec() is deprecated, use inspect.signature() instead
  fnInfo = inspect.getargspec(fun)
/home/jcfr/.virtualenvs/girder_env/lib/python3.5/importlib/_bootstrap_external.py:412: ImportWarning: Not importing directory /home/jcfr/.virtualenvs/girder_env/lib/python3.5/site-packages/google: missing __init__
  _warnings.warn(msg.format(portions[0]), ImportWarning)
/home/jcfr/Projects/girder/girder/api/describe.py:544: DeprecationWarning: inspect.getargspec() is deprecated, use inspect.signature() instead
  fnInfo = inspect.getar...
The rest of the test output was removed since it exceeds the threshold of 1024 bytes.
</Value>
				</Measurement>
			</Results>
			<Labels>
				<Label>girder_python</Label>
			</Labels>
		</Test>
		<Test Status="passed">
			<Name>server_filter_logging</Name>
			<Path>.</Path>
			<FullName>./server_filter_logging</FullName>
			<FullCommandLine>/home/jcfr/.virtualenvs/girder_env/bin/coverage "run" "--parallel-mode" "--rcfile=/home/jcfr/Projects/girder-build/tests/girder.coveragerc" "--source=girder,/home/jcfr/Projects/girder/clients/python/girder_client" "-m" "unittest" "-v" "tests.cases.filter_logging_test"</FullCommandLine>
			<Results>
				<NamedMeasurement type="numeric/double" name="Execution Time">
					<Value>3.06254</Value>
				</NamedMeasurement>
				<NamedMeasurement type="text/string" name="Completion Status">
					<Value>Completed</Value>
				</NamedMeasurement>
				<NamedMeasurement type="text/string" name="Command Line">
					<Value>/home/jcfr/.virtualenvs/girder_env/bin/coverage "run" "--parallel-mode" "--rcfile=/home/jcfr/Projects/girder-build/tests/girder.coveragerc" "--source=girder,/home/jcfr/Projects/girder/clients/python/girder_client" "-m" "unittest" "-v" "tests.cases.filter_logging_test"</Value>
				</NamedMeasurement>
				<Measurement>
					<Value>[NON-XML-CHAR-0x1B][1;33mMocking Girder log methods.[NON-XML-CHAR-0x1B][0m
[NON-XML-CHAR-0x1B][35mConnected to MongoDB: mongodb://localhost:27017/girder_test_server_filter_logging[NON-XML-CHAR-0x1B][0m
[NON-XML-CHAR-0x1B][35mRunning in mode: testing[NON-XML-CHAR-0x1B][0m
[NON-XML-CHAR-0x1B][35mResolving plugin dependencies...[NON-XML-CHAR-0x1B][0m
/home/jcfr/Projects/girder/girder/api/describe.py:544: DeprecationWarning: inspect.getargspec() is deprecated, use inspect.signature() instead
  fnInfo = inspect.getargspec(fun)
/home/jcfr/.virtualenvs/girder_env/lib/python3.5/importlib/_bootstrap_external.py:412: ImportWarning: Not importing directory /home/jcfr/.virtualenvs/girder_env/lib/python3.5/site-packages/google: missing __init__
  _warnings.warn(msg.format(portions[0]), ImportWarning)
/home/jcfr/Projects/girder/girder/api/describe.py:544: DeprecationWarning: inspect.getargspec() is deprecated, use inspect.signature() instead
  fnInfo = inspect.getargspec(fun)
[26/Apr/2017:01:47:42] ENGINE Bus STARTING
[NON-XML-CHAR-0x1B][35mStarted asynchronous event manager thread.[NON-XML-CHAR-0x1B][0m
[26/Apr/2017:01:47:42] ENGINE Started monitor thread '_TimeoutMonitor'.
[26/Apr/2017:01:47:42] E...
The rest of the test output was removed since it exceeds the threshold of 1024 bytes.
</Value>
				</Measurement>
			</Results>
			<Labels>
				<Label>girder_python</Label>
			</Labels>
		</Test>
		<Test Status="passed">
			<Name>server_file</Name>
			<Path>.</Path>
			<FullName>./server_file</FullName>
			<FullCommandLine>/home/jcfr/.virtualenvs/girder_env/bin/coverage "run" "--parallel-mode" "--rcfile=/home/jcfr/Projects/girder-build/tests/girder.coveragerc" "--source=girder,/home/jcfr/Projects/girder/clients/python/girder_client" "-m" "unittest" "-v" "tests.cases.file_test"</FullCommandLine>
			<Results>
				<NamedMeasurement type="numeric/double" name="Execution Time">
					<Value>6.78148</Value>
				</NamedMeasurement>
				<NamedMeasurement type="text/string" name="Completion Status">
					<Value>Completed</Value>
				</NamedMeasurement>
				<NamedMeasurement type="text/string" name="Command Line">
					<Value>/home/jcfr/.virtualenvs/girder_env/bin/coverage "run" "--parallel-mode" "--rcfile=/home/jcfr/Projects/girder-build/tests/girder.coveragerc" "--source=girder,/home/jcfr/Projects/girder/clients/python/girder_client" "-m" "unittest" "-v" "tests.cases.file_test"</Value>
				</NamedMeasurement>
				<Measurement>
					<Value>[NON-XML-CHAR-0x1B][1;33mMocking Girder log methods.[NON-XML-CHAR-0x1B][0m
[NON-XML-CHAR-0x1B][35mConnected to MongoDB: mongodb://localhost:27017/girder_test_server_file[NON-XML-CHAR-0x1B][0m
[NON-XML-CHAR-0x1B][35mRunning in mode: testing[NON-XML-CHAR-0x1B][0m
[NON-XML-CHAR-0x1B][35mResolving plugin dependencies...[NON-XML-CHAR-0x1B][0m
/home/jcfr/Projects/girder/girder/api/describe.py:544: DeprecationWarning: inspect.getargspec() is deprecated, use inspect.signature() instead
  fnInfo = inspect.getargspec(fun)
/home/jcfr/.virtualenvs/girder_env/lib/python3.5/importlib/_bootstrap_external.py:412: ImportWarning: Not importing directory /home/jcfr/.virtualenvs/girder_env/lib/python3.5/site-packages/google: missing __init__
  _warnings.warn(msg.format(portions[0]), ImportWarning)
/home/jcfr/Projects/girder/girder/api/describe.py:544: DeprecationWarning: inspect.getargspec() is deprecated, use inspect.signature() instead
  fnInfo = inspect.getargspec(fun)
[26/Apr/2017:01:47:41] ENGINE Bus STARTING
[NON-XML-CHAR-0x1B][35mStarted asynchronous event manager thread.[NON-XML-CHAR-0x1B][0m
[26/Apr/2017:01:47:41] ENGINE Started monitor thread '_TimeoutMonitor'.
[26/Apr/2017:01:47:41] ENGINE Bus ...
The rest of the test output was removed since it exceeds the threshold of 1024 bytes.
</Value>
				</Measurement>
			</Results>
			<Labels>
				<Label>girder_python</Label>
			</Labels>
		</Test>
		<Test Status="passed">
			<Name>server_hash_state</Name>
			<Path>.</Path>
			<FullName>./server_hash_state</FullName>
			<FullCommandLine>/home/jcfr/.virtualenvs/girder_env/bin/coverage "run" "--parallel-mode" "--rcfile=/home/jcfr/Projects/girder-build/tests/girder.coveragerc" "--source=girder,/home/jcfr/Projects/girder/clients/python/girder_client" "-m" "unittest" "-v" "tests.cases.hash_state_test"</FullCommandLine>
			<Results>
				<NamedMeasurement type="numeric/double" name="Execution Time">
					<Value>2.20397</Value>
				</NamedMeasurement>
				<NamedMeasurement type="text/string" name="Completion Status">
					<Value>Completed</Value>
				</NamedMeasurement>
				<NamedMeasurement type="text/string" name="Command Line">
					<Value>/home/jcfr/.virtualenvs/girder_env/bin/coverage "run" "--parallel-mode" "--rcfile=/home/jcfr/Projects/girder-build/tests/girder.coveragerc" "--source=girder,/home/jcfr/Projects/girder/clients/python/girder_client" "-m" "unittest" "-v" "tests.cases.hash_state_test"</Value>
				</NamedMeasurement>
				<Measurement>
					<Value>[NON-XML-CHAR-0x1B][1;33mMocking Girder log methods.[NON-XML-CHAR-0x1B][0m
[NON-XML-CHAR-0x1B][35mConnected to MongoDB: mongodb://localhost:27017/girder_test_server_hash_state[NON-XML-CHAR-0x1B][0m
[NON-XML-CHAR-0x1B][35mRunning in mode: testing[NON-XML-CHAR-0x1B][0m
[NON-XML-CHAR-0x1B][35mResolving plugin dependencies...[NON-XML-CHAR-0x1B][0m
/home/jcfr/Projects/girder/girder/api/describe.py:544: DeprecationWarning: inspect.getargspec() is deprecated, use inspect.signature() instead
  fnInfo = inspect.getargspec(fun)
/home/jcfr/.virtualenvs/girder_env/lib/python3.5/importlib/_bootstrap_external.py:412: ImportWarning: Not importing directory /home/jcfr/.virtualenvs/girder_env/lib/python3.5/site-packages/google: missing __init__
  _warnings.warn(msg.format(portions[0]), ImportWarning)
/home/jcfr/Projects/girder/girder/api/describe.py:544: DeprecationWarning: inspect.getargspec() is deprecated, use inspect.signature() instead
  fnInfo = inspect.getargspec(fun)
[26/Apr/2017:01:47:48] ENGINE Bus STARTING
[NON-XML-CHAR-0x1B][35mStarted asynchronous event manager thread.[NON-XML-CHAR-0x1B][0m
[26/Apr/2017:01:47:48] ENGINE Started monitor thread '_TimeoutMonitor'.
[26/Apr/2017:01:47:48] ENGIN...
The rest of the test output was removed since it exceeds the threshold of 1024 bytes.
</Value>
				</Measurement>
			</Results>
			<Labels>
				<Label>girder_python</Label>
			</Labels>
		</Test>
		<Test Status="passed">
			<Name>server_folder</Name>
			<Path>.</Path>
			<FullName>./server_folder</FullName>
			<FullCommandLine>/home/jcfr/.virtualenvs/girder_env/bin/coverage "run" "--parallel-mode" "--rcfile=/home/jcfr/Projects/girder-build/tests/girder.coveragerc" "--source=girder,/home/jcfr/Projects/girder/clients/python/girder_client" "-m" "unittest" "-v" "tests.cases.folder_test"</FullCommandLine>
			<Results>
				<NamedMeasurement type="numeric/double" name="Execution Time">
					<Value>8.67206</Value>
				</NamedMeasurement>
				<NamedMeasurement type="text/string" name="Completion Status">
					<Value>Completed</Value>
				</NamedMeasurement>
				<NamedMeasurement type="text/string" name="Command Line">
					<Value>/home/jcfr/.virtualenvs/girder_env/bin/coverage "run" "--parallel-mode" "--rcfile=/home/jcfr/Projects/girder-build/tests/girder.coveragerc" "--source=girder,/home/jcfr/Projects/girder/clients/python/girder_client" "-m" "unittest" "-v" "tests.cases.folder_test"</Value>
				</NamedMeasurement>
				<Measurement>
					<Value>[NON-XML-CHAR-0x1B][1;33mMocking Girder log methods.[NON-XML-CHAR-0x1B][0m
[NON-XML-CHAR-0x1B][35mConnected to MongoDB: mongodb://localhost:27017/girder_test_server_folder[NON-XML-CHAR-0x1B][0m
[NON-XML-CHAR-0x1B][35mRunning in mode: testing[NON-XML-CHAR-0x1B][0m
[NON-XML-CHAR-0x1B][35mResolving plugin dependencies...[NON-XML-CHAR-0x1B][0m
/home/jcfr/Projects/girder/girder/api/describe.py:544: DeprecationWarning: inspect.getargspec() is deprecated, use inspect.signature() instead
  fnInfo = inspect.getargspec(fun)
/home/jcfr/.virtualenvs/girder_env/lib/python3.5/importlib/_bootstrap_external.py:412: ImportWarning: Not importing directory /home/jcfr/.virtualenvs/girder_env/lib/python3.5/site-packages/google: missing __init__
  _warnings.warn(msg.format(portions[0]), ImportWarning)
/home/jcfr/Projects/girder/girder/api/describe.py:544: DeprecationWarning: inspect.getargspec() is deprecated, use inspect.signature() instead
  fnInfo = inspect.getargspec(fun)
[26/Apr/2017:01:47:42] ENGINE Bus STARTING
[NON-XML-CHAR-0x1B][35mStarted asynchronous event manager thread.[NON-XML-CHAR-0x1B][0m
[26/Apr/2017:01:47:42] ENGINE Started monitor thread '_TimeoutMonitor'.
[26/Apr/2017:01:47:42] ENGINE Bu...
The rest of the test output was removed since it exceeds the threshold of 1024 bytes.
</Value>
				</Measurement>
			</Results>
			<Labels>
				<Label>girder_python</Label>
			</Labels>
		</Test>
		<Test Status="passed">
			<Name>server_install</Name>
			<Path>.</Path>
			<FullName>./server_install</FullName>
			<FullCommandLine>/home/jcfr/.virtualenvs/girder_env/bin/coverage "run" "--parallel-mode" "--rcfile=/home/jcfr/Projects/girder-build/tests/girder.coveragerc" "--source=girder,/home/jcfr/Projects/girder/clients/python/girder_client" "-m" "unittest" "-v" "tests.cases.install_test"</FullCommandLine>
			<Results>
				<NamedMeasurement type="numeric/double" name="Execution Time">
					<Value>3.30488</Value>
				</NamedMeasurement>
				<NamedMeasurement type="text/string" name="Completion Status">
					<Value>Completed</Value>
				</NamedMeasurement>
				<NamedMeasurement type="text/string" name="Command Line">
					<Value>/home/jcfr/.virtualenvs/girder_env/bin/coverage "run" "--parallel-mode" "--rcfile=/home/jcfr/Projects/girder-build/tests/girder.coveragerc" "--source=girder,/home/jcfr/Projects/girder/clients/python/girder_client" "-m" "unittest" "-v" "tests.cases.install_test"</Value>
				</NamedMeasurement>
				<Measurement>
					<Value>[NON-XML-CHAR-0x1B][1;33mMocking Girder log methods.[NON-XML-CHAR-0x1B][0m
[NON-XML-CHAR-0x1B][35mConnected to MongoDB: mongodb://localhost:27017/girder_test_server_install[NON-XML-CHAR-0x1B][0m
[NON-XML-CHAR-0x1B][35mRunning in mode: testing[NON-XML-CHAR-0x1B][0m
[NON-XML-CHAR-0x1B][35mResolving plugin dependencies...[NON-XML-CHAR-0x1B][0m
/home/jcfr/Projects/girder/girder/api/describe.py:544: DeprecationWarning: inspect.getargspec() is deprecated, use inspect.signature() instead
  fnInfo = inspect.getargspec(fun)
[26/Apr/2017:01:47:50] ENGINE Bus STARTING
[NON-XML-CHAR-0x1B][35mStarted asynchronous event manager thread.[NON-XML-CHAR-0x1B][0m
[26/Apr/2017:01:47:50] ENGINE Started monitor thread '_TimeoutMonitor'.
[26/Apr/2017:01:47:50] ENGINE Bus STARTED
testDevDependencies (tests.cases.install_test.InstallTestCase) ... ok
testGruntDependencies (tests.cases.install_test.InstallTestCase) ... ok
testInstallPlugin (tests.cases.install_test.InstallTestCase) ... ok
testStaticDependencies (tests.cases.install_test.InstallTestCase) ... ok
testWebInstall (tests.cases.install_test.InstallTestCase) ... [NON-XML-CHAR-0x1B][35mInstalling has_dev_deps...[NON-XML-CHAR-0x1B][0m
[NON-XML-CHAR-0x1B][35mInstalling jobs...[NON-XML-CHAR-0x1B][0m
[NON-XML-CHAR-0x1B][35mInstalling has_dev_deps....
The rest of the test output was removed since it exceeds the threshold of 1024 bytes.
</Value>
				</Measurement>
			</Results>
			<Labels>
				<Label>girder_python</Label>
			</Labels>
		</Test>
		<Test Status="passed">
			<Name>server_logging_config</Name>
			<Path>.</Path>
			<FullName>./server_logging_config</FullName>
			<FullCommandLine>/home/jcfr/.virtualenvs/girder_env/bin/coverage "run" "--parallel-mode" "--rcfile=/home/jcfr/Projects/girder-build/tests/girder.coveragerc" "--source=girder,/home/jcfr/Projects/girder/clients/python/girder_client" "-m" "unittest" "-v" "tests.cases.logging_config_test"</FullCommandLine>
			<Results>
				<NamedMeasurement type="numeric/double" name="Execution Time">
					<Value>2.20335</Value>
				</NamedMeasurement>
				<NamedMeasurement type="text/string" name="Completion Status">
					<Value>Completed</Value>
				</NamedMeasurement>
				<NamedMeasurement type="text/string" name="Command Line">
					<Value>/home/jcfr/.virtualenvs/girder_env/bin/coverage "run" "--parallel-mode" "--rcfile=/home/jcfr/Projects/girder-build/tests/girder.coveragerc" "--source=girder,/home/jcfr/Projects/girder/clients/python/girder_client" "-m" "unittest" "-v" "tests.cases.logging_config_test"</Value>
				</NamedMeasurement>
				<Measurement>
					<Value>testRotation (tests.cases.logging_config_test.ConfigLoggingTestCase) ... /home/jcfr/Projects/girder/girder/__init__.py:137: ResourceWarning: unclosed file &lt;_io.TextIOWrapper name='/home/jcfr/.girder/logs/error.log' mode='a' encoding='UTF-8'&gt;
  for handler in list(logger.handlers):
/home/jcfr/Projects/girder/girder/api/describe.py:544: DeprecationWarning: inspect.getargspec() is deprecated, use inspect.signature() instead
  fnInfo = inspect.getargspec(fun)
/home/jcfr/.virtualenvs/girder_env/lib/python3.5/importlib/_bootstrap_external.py:412: ImportWarning: Not importing directory /home/jcfr/.virtualenvs/girder_env/lib/python3.5/site-packages/google: missing __init__
  _warnings.warn(msg.format(portions[0]), ImportWarning)
/home/jcfr/Projects/girder/girder/api/describe.py:544: DeprecationWarning: inspect.getargspec() is deprecated, use inspect.signature() instead
  fnInfo = inspect.getargspec(fun)
/home/jcfr/.virtualenvs/girder_env/lib/python3.5/site-packages/bcrypt/__init__.py:46: UserWarning: implicit cast to...
The rest of the test output was removed since it exceeds the threshold of 1024 bytes.
</Value>
				</Measurement>
			</Results>
			<Labels>
				<Label>girder_python</Label>
			</Labels>
		</Test>
		<Test Status="passed">
			<Name>server_item</Name>
			<Path>.</Path>
			<FullName>./server_item</FullName>
			<FullCommandLine>/home/jcfr/.virtualenvs/girder_env/bin/coverage "run" "--parallel-mode" "--rcfile=/home/jcfr/Projects/girder-build/tests/girder.coveragerc" "--source=girder,/home/jcfr/Projects/girder/clients/python/girder_client" "-m" "unittest" "-v" "tests.cases.item_test"</FullCommandLine>
			<Results>
				<NamedMeasurement type="numeric/double" name="Execution Time">
					<Value>8.71248</Value>
				</NamedMeasurement>
				<NamedMeasurement type="text/string" name="Completion Status">
					<Value>Completed</Value>
				</NamedMeasurement>
				<NamedMeasurement type="text/string" name="Command Line">
					<Value>/home/jcfr/.virtualenvs/girder_env/bin/coverage "run" "--parallel-mode" "--rcfile=/home/jcfr/Projects/girder-build/tests/girder.coveragerc" "--source=girder,/home/jcfr/Projects/girder/clients/python/girder_client" "-m" "unittest" "-v" "tests.cases.item_test"</Value>
				</NamedMeasurement>
				<Measurement>
					<Value>[NON-XML-CHAR-0x1B][1;33mMocking Girder log methods.[NON-XML-CHAR-0x1B][0m
[NON-XML-CHAR-0x1B][35mConnected to MongoDB: mongodb://localhost:27017/girder_test_server_item[NON-XML-CHAR-0x1B][0m
[NON-XML-CHAR-0x1B][35mRunning in mode: testing[NON-XML-CHAR-0x1B][0m
[NON-XML-CHAR-0x1B][35mResolving plugin dependencies...[NON-XML-CHAR-0x1B][0m
/home/jcfr/Projects/girder/girder/api/describe.py:544: DeprecationWarning: inspect.getargspec() is deprecated, use inspect.signature() instead
  fnInfo = inspect.getargspec(fun)
/home/jcfr/.virtualenvs/girder_env/lib/python3.5/importlib/_bootstrap_external.py:412: ImportWarning: Not importing directory /home/jcfr/.virtualenvs/girder_env/lib/python3.5/site-packages/google: missing __init__
  _warnings.warn(msg.format(portions[0]), ImportWarning)
/home/jcfr/Projects/girder/girder/api/describe.py:544: DeprecationWarning: inspect.getargspec() is deprecated, use inspect.signature() instead
  fnInfo = inspect.getargspec(fun)
[26/Apr/2017:01:47:51] ENGINE Bus STARTING
[NON-XML-CHAR-0x1B][35mStarted asynchronous event manager thread.[NON-XML-CHAR-0x1B][0m
[26/Apr/2017:01:47:51] ENGINE Started monitor thread '_TimeoutMonitor'.
[26/Apr/2017:01:47:51] ENGINE Bus ...
The rest of the test output was removed since it exceeds the threshold of 1024 bytes.
</Value>
				</Measurement>
			</Results>
			<Labels>
				<Label>girder_python</Label>
			</Labels>
		</Test>
		<Test Status="passed">
			<Name>server_model</Name>
			<Path>.</Path>
			<FullName>./server_model</FullName>
			<FullCommandLine>/home/jcfr/.virtualenvs/girder_env/bin/coverage "run" "--parallel-mode" "--rcfile=/home/jcfr/Projects/girder-build/tests/girder.coveragerc" "--source=girder,/home/jcfr/Projects/girder/clients/python/girder_client" "-m" "unittest" "-v" "tests.cases.model_test"</FullCommandLine>
			<Results>
				<NamedMeasurement type="numeric/double" name="Execution Time">
					<Value>3.30455</Value>
				</NamedMeasurement>
				<NamedMeasurement type="text/string" name="Completion Status">
					<Value>Completed</Value>
				</NamedMeasurement>
				<NamedMeasurement type="text/string" name="Command Line">
					<Value>/home/jcfr/.virtualenvs/girder_env/bin/coverage "run" "--parallel-mode" "--rcfile=/home/jcfr/Projects/girder-build/tests/girder.coveragerc" "--source=girder,/home/jcfr/Projects/girder/clients/python/girder_client" "-m" "unittest" "-v" "tests.cases.model_test"</Value>
				</NamedMeasurement>
				<Measurement>
					<Value>[NON-XML-CHAR-0x1B][1;33mMocking Girder log methods.[NON-XML-CHAR-0x1B][0m
[NON-XML-CHAR-0x1B][35mConnected to MongoDB: mongodb://localhost:27017/girder_test_server_model[NON-XML-CHAR-0x1B][0m
[NON-XML-CHAR-0x1B][35mRunning in mode: testing[NON-XML-CHAR-0x1B][0m
[NON-XML-CHAR-0x1B][35mResolving plugin dependencies...[NON-XML-CHAR-0x1B][0m
/home/jcfr/Projects/girder/girder/api/describe.py:544: DeprecationWarning: inspect.getargspec() is deprecated, use inspect.signature() instead
  fnInfo = inspect.getargspec(fun)
/home/jcfr/.virtualenvs/girder_env/lib/python3.5/importlib/_bootstrap_external.py:412: ImportWarning: Not importing directory /home/jcfr/.virtualenvs/girder_env/lib/python3.5/site-packages/google: missing __init__
  _warnings.warn(msg.format(portions[0]), ImportWarning)
/home/jcfr/Projects/girder/girder/api/describe.py:544: DeprecationWarning: inspect.getargspec() is deprecated, use inspect.signature() instead
  fnInfo = inspect.getargspec(fun)
[26/Apr/2017:01:48:00] ENGINE Bus STARTING
[NON-XML-CHAR-0x1B][35mStarted asynchronous event manager thread.[NON-XML-CHAR-0x1B][0m
[26/Apr/2017:01:48:00] ENGINE Started monitor thread '_TimeoutMonitor'.
[26/Apr/2017:01:48:00] ENGINE Bus...
The rest of the test output was removed since it exceeds the threshold of 1024 bytes.
</Value>
				</Measurement>
			</Results>
			<Labels>
				<Label>girder_python</Label>
			</Labels>
		</Test>
		<Test Status="passed">
			<Name>server_routetable</Name>
			<Path>.</Path>
			<FullName>./server_routetable</FullName>
			<FullCommandLine>/home/jcfr/.virtualenvs/girder_env/bin/coverage "run" "--parallel-mode" "--rcfile=/home/jcfr/Projects/girder-build/tests/girder.coveragerc" "--source=girder,/home/jcfr/Projects/girder/clients/python/girder_client" "-m" "unittest" "-v" "tests.cases.routetable_test"</FullCommandLine>
			<Results>
				<NamedMeasurement type="numeric/double" name="Execution Time">
					<Value>2.90487</Value>
				</NamedMeasurement>
				<NamedMeasurement type="text/string" name="Completion Status">
					<Value>Completed</Value>
				</NamedMeasurement>
				<NamedMeasurement type="text/string" name="Command Line">
					<Value>/home/jcfr/.virtualenvs/girder_env/bin/coverage "run" "--parallel-mode" "--rcfile=/home/jcfr/Projects/girder-build/tests/girder.coveragerc" "--source=girder,/home/jcfr/Projects/girder/clients/python/girder_client" "-m" "unittest" "-v" "tests.cases.routetable_test"</Value>
				</NamedMeasurement>
				<Measurement>
					<Value>[NON-XML-CHAR-0x1B][1;33mMocking Girder log methods.[NON-XML-CHAR-0x1B][0m
[NON-XML-CHAR-0x1B][35mConnected to MongoDB: mongodb://localhost:27017/girder_test_server_routetable[NON-XML-CHAR-0x1B][0m
[NON-XML-CHAR-0x1B][35mRunning in mode: testing[NON-XML-CHAR-0x1B][0m
[NON-XML-CHAR-0x1B][35mResolving plugin dependencies...[NON-XML-CHAR-0x1B][0m
[NON-XML-CHAR-0x1B][32mLoaded plugin "has_webroot"[NON-XML-CHAR-0x1B][0m
/home/jcfr/Projects/girder/girder/api/describe.py:544: DeprecationWarning: inspect.getargspec() is deprecated, use inspect.signature() instead
  fnInfo = inspect.getargspec(fun)
/home/jcfr/.virtualenvs/girder_env/lib/python3.5/importlib/_bootstrap_external.py:412: ImportWarning: Not importing directory /home/jcfr/.virtualenvs/girder_env/lib/python3.5/site-packages/google: missing __init__
  _warnings.warn(msg.format(portions[0]), ImportWarning)
/home/jcfr/Projects/girder/girder/api/describe.py:544: DeprecationWarning: inspect.getargspec() is deprecated, use inspect.signature() instead
  fnInfo = inspect.getargspec(fun)
[26/Apr/2017:01:48:04] ENGINE Bus STARTING
[NON-XML-CHAR-0x1B][35mStarted asynchronous event manager thread.[NON-XML-CHAR-0x1B][0m
[26/Apr/2017:01:48:04] ENGINE Started monitor thread '_TimeoutM...
The rest of the test output was removed since it exceeds the threshold of 1024 bytes.
</Value>
				</Measurement>
			</Results>
			<Labels>
				<Label>girder_python</Label>
			</Labels>
		</Test>
		<Test Status="failed">
			<Name>server_group</Name>
			<Path>.</Path>
			<FullName>./server_group</FullName>
			<FullCommandLine>/home/jcfr/.virtualenvs/girder_env/bin/coverage "run" "--parallel-mode" "--rcfile=/home/jcfr/Projects/girder-build/tests/girder.coveragerc" "--source=girder,/home/jcfr/Projects/girder/clients/python/girder_client" "-m" "unittest" "-v" "tests.cases.group_test"</FullCommandLine>
			<Results>
				<NamedMeasurement type="text/string" name="Exit Code">
					<Value>Failed</Value>
				</NamedMeasurement>
				<NamedMeasurement type="text/string" name="Exit Value">
					<Value>1</Value>
				</NamedMeasurement>
				<NamedMeasurement type="numeric/double" name="Execution Time">
					<Value>23.1379</Value>
				</NamedMeasurement>
				<NamedMeasurement type="text/string" name="Completion Status">
					<Value>Completed</Value>
				</NamedMeasurement>
				<NamedMeasurement type="text/string" name="Command Line">
					<Value>/home/jcfr/.virtualenvs/girder_env/bin/coverage "run" "--parallel-mode" "--rcfile=/home/jcfr/Projects/girder-build/tests/girder.coveragerc" "--source=girder,/home/jcfr/Projects/girder/clients/python/girder_client" "-m" "unittest" "-v" "tests.cases.group_test"</Value>
				</NamedMeasurement>
				<Measurement>
					<Value>[NON-XML-CHAR-0x1B][1;33mMocking Girder log methods.[NON-XML-CHAR-0x1B][0m
[NON-XML-CHAR-0x1B][35mConnected to MongoDB: mongodb://localhost:27017/girder_test_server_group[NON-XML-CHAR-0x1B][0m
[NON-XML-CHAR-0x1B][35mRunning in mode: testing[NON-XML-CHAR-0x1B][0m
[NON-XML-CHAR-0x1B][35mResolving plugin dependencies...[NON-XML-CHAR-0x1B][0m
/home/jcfr/Projects/girder/girder/api/describe.py:544: DeprecationWarning: inspect.getargspec() is deprecated, use inspect.signature() instead
  fnInfo = inspect.getargspec(fun)
/home/jcfr/.virtualenvs/girder_env/lib/python3.5/importlib/_bootstrap_external.py:412: ImportWarning: Not importing directory /home/jcfr/.virtualenvs/girder_env/lib/python3.5/site-packages/google: missing __init__
  _warnings.warn(msg.format(portions[0]), ImportWarning)
/home/jcfr/Projects/girder/girder/api/describe.py:544: DeprecationWarning: inspect.getargspec() is deprecated, use inspect.signature() instead
  fnInfo = inspect.getargspec(fun)
[26/Apr/2017:01:47:45] ENGINE Bus STARTING
[NON-XML-CHAR-0x1B][35mStarted asynchronous event manager thread.[NON-XML-CHAR-0x1B][0m
[26/Apr/2017:01:47:45] ENGINE Started monitor thread '_TimeoutMonitor'.
[26/Apr/2017:01:47:45] ENGINE Bus STARTED
testDeleteGroupDeletesAccessReferences (tests.cases.group_test.GroupTestCase) ... /home/jcfr/.virtualenvs/girder_env/lib/python3.5/site-packages/bcrypt/__init__.py:46: UserWarning: implicit cast to 'char *' from a different pointer type: will be forbidden in the future (check that the types are as you expect; use an explicit ffi.cast() if they are correct)
  b"$" + prefix + b"$", rounds, salt, len(salt), output, len(output),
ok
testDirectAdd (tests.cases.group_test.GroupTestCase) ... ok
testGetGroups (tests.cases.group_test.GroupTestCase) ... ok
testGroupAccess (tests.cases.group_test.GroupTestCase) ... FAIL
testGroupAddAllow (tests.cases.group_test.GroupTestCase) ... ok
testUpdateGroup (tests.cases.group_test.GroupTestCase) ... ok

======================================================================
FAIL: testGroupAccess (tests.cases.group_test.GroupTestCase)
----------------------------------------------------------------------
Traceback (most recent call last):
  File "/home/jcfr/Projects/girder/tests/cases/group_test.py", line 292, in testGroupAccess
    self.assertTrue(base.mockSmtp.waitForMail())
AssertionError: False is not true

----------------------------------------------------------------------
Ran 6 tests in 21.936s

FAILED (failures=1)
error: uncaptured python exception, closing channel &lt;smtpd.SMTPChannel connected 127.0.0.1:52616 at 0x7fc78c1ad0f0&gt; (&lt;class 'TypeError'&gt;:process_message() got an unexpected keyword argument 'mail_options' [/usr/lib/python3.5/asyncore.py|readwrite|108] [/usr/lib/python3.5/asyncore.py|handle_read_event|423] [/usr/lib/python3.5/asynchat.py|handle_read|171] [/usr/lib/python3.5/smtpd.py|found_terminator|390])
</Value>
				</Measurement>
			</Results>
			<Labels>
				<Label>girder_python</Label>
			</Labels>
		</Test>
		<Test Status="passed">
			<Name>server_assetstore</Name>
			<Path>.</Path>
			<FullName>./server_assetstore</FullName>
			<FullCommandLine>/home/jcfr/.virtualenvs/girder_env/bin/coverage "run" "--parallel-mode" "--rcfile=/home/jcfr/Projects/girder-build/tests/girder.coveragerc" "--source=girder,/home/jcfr/Projects/girder/clients/python/girder_client" "-m" "unittest" "-v" "tests.cases.assetstore_test"</FullCommandLine>
			<Results>
				<NamedMeasurement type="numeric/double" name="Execution Time">
					<Value>34.1887</Value>
				</NamedMeasurement>
				<NamedMeasurement type="text/string" name="Completion Status">
					<Value>Completed</Value>
				</NamedMeasurement>
				<NamedMeasurement type="text/string" name="Command Line">
					<Value>/home/jcfr/.virtualenvs/girder_env/bin/coverage "run" "--parallel-mode" "--rcfile=/home/jcfr/Projects/girder-build/tests/girder.coveragerc" "--source=girder,/home/jcfr/Projects/girder/clients/python/girder_client" "-m" "unittest" "-v" "tests.cases.assetstore_test"</Value>
				</NamedMeasurement>
				<Measurement>
					<Value>[NON-XML-CHAR-0x1B][1;33mMocking Girder log methods.[NON-XML-CHAR-0x1B][0m
[NON-XML-CHAR-0x1B][35mConnected to MongoDB: mongodb://localhost:27017/girder_test_server_assetstore[NON-XML-CHAR-0x1B][0m
[NON-XML-CHAR-0x1B][35mRunning in mode: testing[NON-XML-CHAR-0x1B][0m
[NON-XML-CHAR-0x1B][35mResolving plugin dependencies...[NON-XML-CHAR-0x1B][0m
/home/jcfr/Projects/girder/girder/api/describe.py:544: DeprecationWarning: inspect.getargspec() is deprecated, use inspect.signature() instead
  fnInfo = inspect.getargspec(fun)
/home/jcfr/.virtualenvs/girder_env/lib/python3.5/importlib/_bootstrap_external.py:412: ImportWarning: Not importing directory /home/jcfr/.virtualenvs/girder_env/lib/python3.5/site-packages/google: missing __init__
  _warnings.warn(msg.format(portions[0]), ImportWarning)
/home/jcfr/Projects/girder/girder/api/describe.py:544: DeprecationWarning: inspect.getargspec() is deprecated, use inspect.signature() instead
  fnInfo = inspect.getargspec(fun)
[26/Apr/2017:01:47:35] ENGINE Bus STARTING
[NON-XML-CHAR-0x1B][35mStarted asynchronous event manager thread.[NON-XML-CHAR-0x1B][0m
[26/Apr/2017:01:47:35] ENGINE Started monitor thread '_TimeoutMonitor'.
[26/Apr/2017:01:47:35] ENGIN...
The rest of the test output was removed since it exceeds the threshold of 1024 bytes.
</Value>
				</Measurement>
			</Results>
			<Labels>
				<Label>girder_python</Label>
			</Labels>
		</Test>
		<Test Status="passed">
			<Name>server_notification</Name>
			<Path>.</Path>
			<FullName>./server_notification</FullName>
			<FullCommandLine>/home/jcfr/.virtualenvs/girder_env/bin/coverage "run" "--parallel-mode" "--rcfile=/home/jcfr/Projects/girder-build/tests/girder.coveragerc" "--source=girder,/home/jcfr/Projects/girder/clients/python/girder_client" "-m" "unittest" "-v" "tests.cases.notification_test"</FullCommandLine>
			<Results>
				<NamedMeasurement type="numeric/double" name="Execution Time">
					<Value>3.10702</Value>
				</NamedMeasurement>
				<NamedMeasurement type="text/string" name="Completion Status">
					<Value>Completed</Value>
				</NamedMeasurement>
				<NamedMeasurement type="text/string" name="Command Line">
					<Value>/home/jcfr/.virtualenvs/girder_env/bin/coverage "run" "--parallel-mode" "--rcfile=/home/jcfr/Projects/girder-build/tests/girder.coveragerc" "--source=girder,/home/jcfr/Projects/girder/clients/python/girder_client" "-m" "unittest" "-v" "tests.cases.notification_test"</Value>
				</NamedMeasurement>
				<Measurement>
					<Value>[NON-XML-CHAR-0x1B][1;33mMocking Girder log methods.[NON-XML-CHAR-0x1B][0m
[NON-XML-CHAR-0x1B][35mConnected to MongoDB: mongodb://localhost:27017/girder_test_server_notification[NON-XML-CHAR-0x1B][0m
[NON-XML-CHAR-0x1B][35mRunning in mode: testing[NON-XML-CHAR-0x1B][0m
[NON-XML-CHAR-0x1B][35mResolving plugin dependencies...[NON-XML-CHAR-0x1B][0m
/home/jcfr/Projects/girder/girder/api/describe.py:544: DeprecationWarning: inspect.getargspec() is deprecated, use inspect.signature() instead
  fnInfo = inspect.getargspec(fun)
/home/jcfr/.virtualenvs/girder_env/lib/python3.5/importlib/_bootstrap_external.py:412: ImportWarning: Not importing directory /home/jcfr/.virtualenvs/girder_env/lib/python3.5/site-packages/google: missing __init__
  _warnings.warn(msg.format(portions[0]), ImportWarning)
/home/jcfr/Projects/girder/girder/api/describe.py:544: DeprecationWarning: inspect.getargspec() is deprecated, use inspect.signature() instead
  fnInfo = inspect.getargspec(fun)
[26/Apr/2017:01:48:07] ENGINE Bus STARTING
[NON-XML-CHAR-0x1B][35mStarted asynchronous event manager thread.[NON-XML-CHAR-0x1B][0m
[26/Apr/2017:01:48:07] ENGINE Started monitor thread '_TimeoutMonitor'.
[26/Apr/2017:01:48:07] ENG...
The rest of the test output was removed since it exceeds the threshold of 1024 bytes.
</Value>
				</Measurement>
			</Results>
			<Labels>
				<Label>girder_python</Label>
			</Labels>
		</Test>
		<Test Status="passed">
			<Name>server_rest_util</Name>
			<Path>.</Path>
			<FullName>./server_rest_util</FullName>
			<FullCommandLine>/home/jcfr/.virtualenvs/girder_env/bin/coverage "run" "--parallel-mode" "--rcfile=/home/jcfr/Projects/girder-build/tests/girder.coveragerc" "--source=girder,/home/jcfr/Projects/girder/clients/python/girder_client" "-m" "unittest" "-v" "tests.cases.rest_util_test"</FullCommandLine>
			<Results>
				<NamedMeasurement type="numeric/double" name="Execution Time">
					<Value>0.901974</Value>
				</NamedMeasurement>
				<NamedMeasurement type="text/string" name="Completion Status">
					<Value>Completed</Value>
				</NamedMeasurement>
				<NamedMeasurement type="text/string" name="Command Line">
					<Value>/home/jcfr/.virtualenvs/girder_env/bin/coverage "run" "--parallel-mode" "--rcfile=/home/jcfr/Projects/girder-build/tests/girder.coveragerc" "--source=girder,/home/jcfr/Projects/girder/clients/python/girder_client" "-m" "unittest" "-v" "tests.cases.rest_util_test"</Value>
				</NamedMeasurement>
				<Measurement>
					<Value>testBoolParam (tests.cases.rest_util_test.RestUtilTestCase) ... ok
testCustomJsonEncoder (tests.cases.rest_util_test.RestUtilTestCase) ... ok
testCustomJsonEncoderEvent (tests.cases.rest_util_test.RestUtilTestCase) ... ok
testGetApiUrl (tests.cases.rest_util_test.RestUtilTestCase) ... ok
testRequireParamsDictMode (tests.cases.rest_util_test.RestUtilTestCase) ... ok

----------------------------------------------------------------------
Ran 5 tests in 0.014s

OK
[NON-XML-CHAR-0x1B][1;33mMocking Girder log methods.[NON-XML-CHAR-0x1B][0m
</Value>
				</Measurement>
			</Results>
			<Labels>
				<Label>girder_python</Label>
			</Labels>
		</Test>
		<Test Status="passed">
			<Name>server_rest_decorator</Name>
			<Path>.</Path>
			<FullName>./server_rest_decorator</FullName>
			<FullCommandLine>/home/jcfr/.virtualenvs/girder_env/bin/coverage "run" "--parallel-mode" "--rcfile=/home/jcfr/Projects/girder-build/tests/girder.coveragerc" "--source=girder,/home/jcfr/Projects/girder/clients/python/girder_client" "-m" "unittest" "-v" "tests.cases.rest_decorator_test"</FullCommandLine>
			<Results>
				<NamedMeasurement type="numeric/double" name="Execution Time">
					<Value>3.02536</Value>
				</NamedMeasurement>
				<NamedMeasurement type="text/string" name="Completion Status">
					<Value>Completed</Value>
				</NamedMeasurement>
				<NamedMeasurement type="text/string" name="Command Line">
					<Value>/home/jcfr/.virtualenvs/girder_env/bin/coverage "run" "--parallel-mode" "--rcfile=/home/jcfr/Projects/girder-build/tests/girder.coveragerc" "--source=girder,/home/jcfr/Projects/girder/clients/python/girder_client" "-m" "unittest" "-v" "tests.cases.rest_decorator_test"</Value>
				</NamedMeasurement>
				<Measurement>
					<Value>[NON-XML-CHAR-0x1B][1;33mMocking Girder log methods.[NON-XML-CHAR-0x1B][0m
[NON-XML-CHAR-0x1B][35mConnected to MongoDB: mongodb://localhost:27017/girder_test_server_rest_decorator[NON-XML-CHAR-0x1B][0m
[NON-XML-CHAR-0x1B][35mRunning in mode: testing[NON-XML-CHAR-0x1B][0m
[NON-XML-CHAR-0x1B][35mResolving plugin dependencies...[NON-XML-CHAR-0x1B][0m
[NON-XML-CHAR-0x1B][1;33mWARNING: No description docs present for route GET collection/unbound/default/noargs[NON-XML-CHAR-0x1B][0m
[NON-XML-CHAR-0x1B][32mLoaded plugin "test_plugin"[NON-XML-CHAR-0x1B][0m
/home/jcfr/Projects/girder/girder/api/describe.py:544: DeprecationWarning: inspect.getargspec() is deprecated, use inspect.signature() instead
  fnInfo = inspect.getargspec(fun)
/home/jcfr/.virtualenvs/girder_env/lib/python3.5/importlib/_bootstrap_external.py:412: ImportWarning: Not importing directory /home/jcfr/.virtualenvs/girder_env/lib/python3.5/site-packages/google: missing __init__
  _warnings.warn(msg.format(portions[0]), ImportWarning)
/home/jcfr/Projects/girder/girder/api/describe.py:544: DeprecationWarning: inspect.getargspec() is deprecated, use inspect.signature() instead
  fnInfo = inspect.getargspec(fun)
[26/Apr/2017:01:48:10] ENGINE Bus STARTING
[NON-XML-CHAR-0x1B][35mStarted as...
The rest of the test output was removed since it exceeds the threshold of 1024 bytes.
</Value>
				</Measurement>
			</Results>
			<Labels>
				<Label>girder_python</Label>
			</Labels>
		</Test>
		<Test Status="passed">
			<Name>server_routes</Name>
			<Path>.</Path>
			<FullName>./server_routes</FullName>
			<FullCommandLine>/home/jcfr/.virtualenvs/girder_env/bin/coverage "run" "--parallel-mode" "--rcfile=/home/jcfr/Projects/girder-build/tests/girder.coveragerc" "--source=girder,/home/jcfr/Projects/girder/clients/python/girder_client" "-m" "unittest" "-v" "tests.cases.routes_test"</FullCommandLine>
			<Results>
				<NamedMeasurement type="numeric/double" name="Execution Time">
					<Value>2.05504</Value>
				</NamedMeasurement>
				<NamedMeasurement type="text/string" name="Completion Status">
					<Value>Completed</Value>
				</NamedMeasurement>
				<NamedMeasurement type="text/string" name="Command Line">
					<Value>/home/jcfr/.virtualenvs/girder_env/bin/coverage "run" "--parallel-mode" "--rcfile=/home/jcfr/Projects/girder-build/tests/girder.coveragerc" "--source=girder,/home/jcfr/Projects/girder/clients/python/girder_client" "-m" "unittest" "-v" "tests.cases.routes_test"</Value>
				</NamedMeasurement>
				<Measurement>
					<Value>[NON-XML-CHAR-0x1B][1;33mMocking Girder log methods.[NON-XML-CHAR-0x1B][0m
[NON-XML-CHAR-0x1B][35mConnected to MongoDB: mongodb://localhost:27017/girder_test_server_routes[NON-XML-CHAR-0x1B][0m
[NON-XML-CHAR-0x1B][35mRunning in mode: testing[NON-XML-CHAR-0x1B][0m
[NON-XML-CHAR-0x1B][35mResolving plugin dependencies...[NON-XML-CHAR-0x1B][0m
/home/jcfr/Projects/girder/girder/api/describe.py:544: DeprecationWarning: inspect.getargspec() is deprecated, use inspect.signature() instead
  fnInfo = inspect.getargspec(fun)
/home/jcfr/.virtualenvs/girder_env/lib/python3.5/importlib/_bootstrap_external.py:412: ImportWarning: Not importing directory /home/jcfr/.virtualenvs/girder_env/lib/python3.5/site-packages/google: missing __init__
  _warnings.warn(msg.format(portions[0]), ImportWarning)
/home/jcfr/Projects/girder/girder/api/describe.py:544: DeprecationWarning: inspect.getargspec() is deprecated, use inspect.signature() instead
  fnInfo = inspect.getargspec(fun)
[26/Apr/2017:01:48:11] ENGINE Bus STARTING
[NON-XML-CHAR-0x1B][35mStarted asynchronous event manager thread.[NON-XML-CHAR-0x1B][0m
[26/Apr/2017:01:48:11] ENGINE Started monitor thread '_TimeoutMonitor'.
[26/Apr/2017:01:48:11] ENGINE Bu...
The rest of the test output was removed since it exceeds the threshold of 1024 bytes.
</Value>
				</Measurement>
			</Results>
			<Labels>
				<Label>girder_python</Label>
			</Labels>
		</Test>
		<Test Status="passed">
			<Name>server_search</Name>
			<Path>.</Path>
			<FullName>./server_search</FullName>
			<FullCommandLine>/home/jcfr/.virtualenvs/girder_env/bin/coverage "run" "--parallel-mode" "--rcfile=/home/jcfr/Projects/girder-build/tests/girder.coveragerc" "--source=girder,/home/jcfr/Projects/girder/clients/python/girder_client" "-m" "unittest" "-v" "tests.cases.search_test"</FullCommandLine>
			<Results>
				<NamedMeasurement type="numeric/double" name="Execution Time">
					<Value>2.73702</Value>
				</NamedMeasurement>
				<NamedMeasurement type="text/string" name="Completion Status">
					<Value>Completed</Value>
				</NamedMeasurement>
				<NamedMeasurement type="text/string" name="Command Line">
					<Value>/home/jcfr/.virtualenvs/girder_env/bin/coverage "run" "--parallel-mode" "--rcfile=/home/jcfr/Projects/girder-build/tests/girder.coveragerc" "--source=girder,/home/jcfr/Projects/girder/clients/python/girder_client" "-m" "unittest" "-v" "tests.cases.search_test"</Value>
				</NamedMeasurement>
				<Measurement>
					<Value>[NON-XML-CHAR-0x1B][1;33mMocking Girder log methods.[NON-XML-CHAR-0x1B][0m
[NON-XML-CHAR-0x1B][35mConnected to MongoDB: mongodb://localhost:27017/girder_test_server_search[NON-XML-CHAR-0x1B][0m
[NON-XML-CHAR-0x1B][35mRunning in mode: testing[NON-XML-CHAR-0x1B][0m
[NON-XML-CHAR-0x1B][35mResolving plugin dependencies...[NON-XML-CHAR-0x1B][0m
/home/jcfr/Projects/girder/girder/api/describe.py:544: DeprecationWarning: inspect.getargspec() is deprecated, use inspect.signature() instead
  fnInfo = inspect.getargspec(fun)
/home/jcfr/.virtualenvs/girder_env/lib/python3.5/importlib/_bootstrap_external.py:412: ImportWarning: Not importing directory /home/jcfr/.virtualenvs/girder_env/lib/python3.5/site-packages/google: missing __init__
  _warnings.warn(msg.format(portions[0]), ImportWarning)
/home/jcfr/Projects/girder/girder/api/describe.py:544: DeprecationWarning: inspect.getargspec() is deprecated, use inspect.signature() instead
  fnInfo = inspect.getargspec(fun)
[26/Apr/2017:01:48:13] ENGINE Bus STARTING
[NON-XML-CHAR-0x1B][35mStarted asynchronous event manager thread.[NON-XML-CHAR-0x1B][0m
[26/Apr/2017:01:48:13] ENGINE Started monitor thread '_TimeoutMonitor'.
[26/Apr/2017:01:48:13] ENGINE Bu...
The rest of the test output was removed since it exceeds the threshold of 1024 bytes.
</Value>
				</Measurement>
			</Results>
			<Labels>
				<Label>girder_python</Label>
			</Labels>
		</Test>
		<Test Status="passed">
			<Name>server_setting</Name>
			<Path>.</Path>
			<FullName>./server_setting</FullName>
			<FullCommandLine>/home/jcfr/.virtualenvs/girder_env/bin/coverage "run" "--parallel-mode" "--rcfile=/home/jcfr/Projects/girder-build/tests/girder.coveragerc" "--source=girder,/home/jcfr/Projects/girder/clients/python/girder_client" "-m" "unittest" "-v" "tests.cases.setting_test"</FullCommandLine>
			<Results>
				<NamedMeasurement type="numeric/double" name="Execution Time">
					<Value>2.60389</Value>
				</NamedMeasurement>
				<NamedMeasurement type="text/string" name="Completion Status">
					<Value>Completed</Value>
				</NamedMeasurement>
				<NamedMeasurement type="text/string" name="Command Line">
					<Value>/home/jcfr/.virtualenvs/girder_env/bin/coverage "run" "--parallel-mode" "--rcfile=/home/jcfr/Projects/girder-build/tests/girder.coveragerc" "--source=girder,/home/jcfr/Projects/girder/clients/python/girder_client" "-m" "unittest" "-v" "tests.cases.setting_test"</Value>
				</NamedMeasurement>
				<Measurement>
					<Value>[NON-XML-CHAR-0x1B][1;33mMocking Girder log methods.[NON-XML-CHAR-0x1B][0m
[NON-XML-CHAR-0x1B][35mConnected to MongoDB: mongodb://localhost:27017/girder_test_server_setting[NON-XML-CHAR-0x1B][0m
[NON-XML-CHAR-0x1B][35mRunning in mode: testing[NON-XML-CHAR-0x1B][0m
[NON-XML-CHAR-0x1B][35mResolving plugin dependencies...[NON-XML-CHAR-0x1B][0m
/home/jcfr/Projects/girder/girder/api/describe.py:544: DeprecationWarning: inspect.getargspec() is deprecated, use inspect.signature() instead
  fnInfo = inspect.getargspec(fun)
/home/jcfr/.virtualenvs/girder_env/lib/python3.5/importlib/_bootstrap_external.py:412: ImportWarning: Not importing directory /home/jcfr/.virtualenvs/girder_env/lib/python3.5/site-packages/google: missing __init__
  _warnings.warn(msg.format(portions[0]), ImportWarning)
/home/jcfr/Projects/girder/girder/api/describe.py:544: DeprecationWarning: inspect.getargspec() is deprecated, use inspect.signature() instead
  fnInfo = inspect.getargspec(fun)
[26/Apr/2017:01:48:13] ENGINE Bus STARTING
[NON-XML-CHAR-0x1B][35mStarted asynchronous event manager thread.[NON-XML-CHAR-0x1B][0m
[26/Apr/2017:01:48:13] ENGINE Started monitor thread '_TimeoutMonitor'.
[26/Apr/2017:01:48:13] ENGINE B...
The rest of the test output was removed since it exceeds the threshold of 1024 bytes.
</Value>
				</Measurement>
			</Results>
			<Labels>
				<Label>girder_python</Label>
			</Labels>
		</Test>
		<Test Status="passed">
			<Name>server_size</Name>
			<Path>.</Path>
			<FullName>./server_size</FullName>
			<FullCommandLine>/home/jcfr/.virtualenvs/girder_env/bin/coverage "run" "--parallel-mode" "--rcfile=/home/jcfr/Projects/girder-build/tests/girder.coveragerc" "--source=girder,/home/jcfr/Projects/girder/clients/python/girder_client" "-m" "unittest" "-v" "tests.cases.size_test"</FullCommandLine>
			<Results>
				<NamedMeasurement type="numeric/double" name="Execution Time">
					<Value>2.60344</Value>
				</NamedMeasurement>
				<NamedMeasurement type="text/string" name="Completion Status">
					<Value>Completed</Value>
				</NamedMeasurement>
				<NamedMeasurement type="text/string" name="Command Line">
					<Value>/home/jcfr/.virtualenvs/girder_env/bin/coverage "run" "--parallel-mode" "--rcfile=/home/jcfr/Projects/girder-build/tests/girder.coveragerc" "--source=girder,/home/jcfr/Projects/girder/clients/python/girder_client" "-m" "unittest" "-v" "tests.cases.size_test"</Value>
				</NamedMeasurement>
				<Measurement>
					<Value>[NON-XML-CHAR-0x1B][1;33mMocking Girder log methods.[NON-XML-CHAR-0x1B][0m
[NON-XML-CHAR-0x1B][35mConnected to MongoDB: mongodb://localhost:27017/girder_test_server_size[NON-XML-CHAR-0x1B][0m
[NON-XML-CHAR-0x1B][35mRunning in mode: testing[NON-XML-CHAR-0x1B][0m
[NON-XML-CHAR-0x1B][35mResolving plugin dependencies...[NON-XML-CHAR-0x1B][0m
/home/jcfr/Projects/girder/girder/api/describe.py:544: DeprecationWarning: inspect.getargspec() is deprecated, use inspect.signature() instead
  fnInfo = inspect.getargspec(fun)
/home/jcfr/.virtualenvs/girder_env/lib/python3.5/importlib/_bootstrap_external.py:412: ImportWarning: Not importing directory /home/jcfr/.virtualenvs/girder_env/lib/python3.5/site-packages/google: missing __init__
  _warnings.warn(msg.format(portions[0]), ImportWarning)
/home/jcfr/Projects/girder/girder/api/describe.py:544: DeprecationWarning: inspect.getargspec() is deprecated, use inspect.signature() instead
  fnInfo = inspect.getargspec(fun)
[26/Apr/2017:01:48:16] ENGINE Bus STARTING
[NON-XML-CHAR-0x1B][35mStarted asynchronous event manager thread.[NON-XML-CHAR-0x1B][0m
[26/Apr/2017:01:48:16] ENGINE Started monitor thread '_TimeoutMonitor'.
[26/Apr/2017:01:48:16] ENGINE Bus ...
The rest of the test output was removed since it exceeds the threshold of 1024 bytes.
</Value>
				</Measurement>
			</Results>
			<Labels>
				<Label>girder_python</Label>
			</Labels>
		</Test>
		<Test Status="passed">
			<Name>server_resource</Name>
			<Path>.</Path>
			<FullName>./server_resource</FullName>
			<FullCommandLine>/home/jcfr/.virtualenvs/girder_env/bin/coverage "run" "--parallel-mode" "--rcfile=/home/jcfr/Projects/girder-build/tests/girder.coveragerc" "--source=girder,/home/jcfr/Projects/girder/clients/python/girder_client" "-m" "unittest" "-v" "tests.cases.resource_test"</FullCommandLine>
			<Results>
				<NamedMeasurement type="numeric/double" name="Execution Time">
					<Value>11.1723</Value>
				</NamedMeasurement>
				<NamedMeasurement type="text/string" name="Completion Status">
					<Value>Completed</Value>
				</NamedMeasurement>
				<NamedMeasurement type="text/string" name="Command Line">
					<Value>/home/jcfr/.virtualenvs/girder_env/bin/coverage "run" "--parallel-mode" "--rcfile=/home/jcfr/Projects/girder-build/tests/girder.coveragerc" "--source=girder,/home/jcfr/Projects/girder/clients/python/girder_client" "-m" "unittest" "-v" "tests.cases.resource_test"</Value>
				</NamedMeasurement>
				<Measurement>
					<Value>[NON-XML-CHAR-0x1B][1;33mMocking Girder log methods.[NON-XML-CHAR-0x1B][0m
[NON-XML-CHAR-0x1B][35mConnected to MongoDB: mongodb://localhost:27017/girder_test_server_resource[NON-XML-CHAR-0x1B][0m
[NON-XML-CHAR-0x1B][35mRunning in mode: testing[NON-XML-CHAR-0x1B][0m
[NON-XML-CHAR-0x1B][35mResolving plugin dependencies...[NON-XML-CHAR-0x1B][0m
/home/jcfr/Projects/girder/girder/api/describe.py:544: DeprecationWarning: inspect.getargspec() is deprecated, use inspect.signature() instead
  fnInfo = inspect.getargspec(fun)
/home/jcfr/.virtualenvs/girder_env/lib/python3.5/importlib/_bootstrap_external.py:412: ImportWarning: Not importing directory /home/jcfr/.virtualenvs/girder_env/lib/python3.5/site-packages/google: missing __init__
  _warnings.warn(msg.format(portions[0]), ImportWarning)
/home/jcfr/Projects/girder/girder/api/describe.py:544: DeprecationWarning: inspect.getargspec() is deprecated, use inspect.signature() instead
  fnInfo = inspect.getargspec(fun)
[26/Apr/2017:01:48:08] ENGINE Bus STARTING
[NON-XML-CHAR-0x1B][35mStarted asynchronous event manager thread.[NON-XML-CHAR-0x1B][0m
[26/Apr/2017:01:48:08] ENGINE Started monitor thread '_TimeoutMonitor'.
[26/Apr/2017:01:48:08] ENGINE ...
The rest of the test output was removed since it exceeds the threshold of 1024 bytes.
</Value>
				</Measurement>
			</Results>
			<Labels>
				<Label>girder_python</Label>
			</Labels>
		</Test>
		<Test Status="passed">
			<Name>server_sftp</Name>
			<Path>.</Path>
			<FullName>./server_sftp</FullName>
			<FullCommandLine>/home/jcfr/.virtualenvs/girder_env/bin/coverage "run" "--parallel-mode" "--rcfile=/home/jcfr/Projects/girder-build/tests/girder.coveragerc" "--source=girder,/home/jcfr/Projects/girder/clients/python/girder_client" "-m" "unittest" "-v" "tests.cases.sftp_test"</FullCommandLine>
			<Results>
				<NamedMeasurement type="numeric/double" name="Execution Time">
					<Value>3.80738</Value>
				</NamedMeasurement>
				<NamedMeasurement type="text/string" name="Completion Status">
					<Value>Completed</Value>
				</NamedMeasurement>
				<NamedMeasurement type="text/string" name="Command Line">
					<Value>/home/jcfr/.virtualenvs/girder_env/bin/coverage "run" "--parallel-mode" "--rcfile=/home/jcfr/Projects/girder-build/tests/girder.coveragerc" "--source=girder,/home/jcfr/Projects/girder/clients/python/girder_client" "-m" "unittest" "-v" "tests.cases.sftp_test"</Value>
				</NamedMeasurement>
				<Measurement>
					<Value>testSftpService (tests.cases.sftp_test.SftpTestCase) ... [NON-XML-CHAR-0x1B][1;33mMocking Girder log methods.[NON-XML-CHAR-0x1B][0m
[NON-XML-CHAR-0x1B][35mConnected to MongoDB: mongodb://localhost:27017/girder_test_server_sftp[NON-XML-CHAR-0x1B][0m
/home/jcfr/.virtualenvs/girder_env/lib/python3.5/site-packages/bcrypt/__init__.py:46: UserWarning: implicit cast to 'char *' from a different pointer type: will be forbidden in the future (check that the types are as you expect; use an explicit ffi.cast() if they are correct)
  b"$" + prefix + b"$", rounds, salt, len(salt), output, len(output),
Socket exception: Connection reset by peer (104)
ok

----------------------------------------------------------------------
Ran 1 test in 2.097s

OK
</Value>
				</Measurement>
			</Results>
			<Labels>
				<Label>girder_python</Label>
			</Labels>
		</Test>
		<Test Status="passed">
			<Name>server_stream</Name>
			<Path>.</Path>
			<FullName>./server_stream</FullName>
			<FullCommandLine>/home/jcfr/.virtualenvs/girder_env/bin/coverage "run" "--parallel-mode" "--rcfile=/home/jcfr/Projects/girder-build/tests/girder.coveragerc" "--source=girder,/home/jcfr/Projects/girder/clients/python/girder_client" "-m" "unittest" "-v" "tests.cases.stream_test"</FullCommandLine>
			<Results>
				<NamedMeasurement type="numeric/double" name="Execution Time">
					<Value>3.10622</Value>
				</NamedMeasurement>
				<NamedMeasurement type="text/string" name="Completion Status">
					<Value>Completed</Value>
				</NamedMeasurement>
				<NamedMeasurement type="text/string" name="Command Line">
					<Value>/home/jcfr/.virtualenvs/girder_env/bin/coverage "run" "--parallel-mode" "--rcfile=/home/jcfr/Projects/girder-build/tests/girder.coveragerc" "--source=girder,/home/jcfr/Projects/girder/clients/python/girder_client" "-m" "unittest" "-v" "tests.cases.stream_test"</Value>
				</NamedMeasurement>
				<Measurement>
					<Value>[NON-XML-CHAR-0x1B][1;33mMocking Girder log methods.[NON-XML-CHAR-0x1B][0m
[NON-XML-CHAR-0x1B][35mConnected to MongoDB: mongodb://localhost:27017/girder_test_server_stream[NON-XML-CHAR-0x1B][0m
[NON-XML-CHAR-0x1B][35mRunning in mode: testing[NON-XML-CHAR-0x1B][0m
[...]
[NON-XML-CHAR-0x1B][32m. Create an admin and non-admin user -&gt; Create a public group[NON-XML-CHAR-0x1B][0m

[NON-XML-CHAR-0x1B][32mCreate an admin and non-admin user: 13 of 13 passed.[NON-XML-CHAR-0x1B][0m
[NON-XML-CHAR-0x1B][32m. Test the settings page -&gt; Logout[NON-XML-CHAR-0x1B][0m
401 Unauthorized {"message": "Administrator access required.", "type": "access"}
[NON-XML-CHAR-0x1B][32m. Test the settings page -&gt; Test that anonymous loading settings page prompts login[NON-XML-CHAR-0x1B][0m
[NON-XML-CHAR-0x1B][32m. Test the settings page -&gt; Login as admin[NON-XML-CHAR-0x1B][0m
[NON-XML-CHAR-0x1B][32m. Test the settings page -&gt; Go to settings page[NON-XML-CHAR-0x1B][0m
[NON-XML-CHAR-0x1B][32m. Test the settings page -&gt; Settings should display their expected values[NON-XML-CHAR-0x1B][0m
[NON-XML-CHAR-0x1B][32m. Test the settings page -&gt; Change settings[NON-XML-CHAR-0x1B][0m
[NON-XML-CHAR-0x1B][32m. Test the settings page -&gt; Use search to update collection create policy[NON-XML-CHAR-0x1B][0m
[NON-XML-CHAR-0x1B][32m. Test the settings page -&gt; logout and check for redirect to front page from settings page[NON-XML-CHAR-0x1B][0m

[NON-XML-CHAR-0x1B][32mTest the settings page: 12 of 12 passed.[NON-XML-CHAR-0x1B][0m
401 Unauthorized {"message": "Administrator access required.", "type": "access"}
[NON-XML-CHAR-0x1B][32m. Test the assetstore page -&gt; Test that anonymous loading assetstore page prompts login[NON-XML-CHAR-0x1B][0m
[NON-XML-CHAR-0x1B][32m. Test the assetstore page -&gt; Go to assetstore page[NON-XML-CHAR-0x1B][0m
[NON-XML-CHAR-0x1B][32m. Test the assetstore page -&gt; Create, switch to, and delete a filesystem assetstore[NON-XML-CHAR-0x1B][0m
[NON-XML-CHAR-0x1B][35mConnected to MongoDB: mongodb://localhost:27017/girder_test_web_client_admin[NON-XML-CHAR-0x1B][0m
[NON-XML-CHAR-0x1B][35mConnected to MongoDB: mongodb://localhost:27017/girder_test_web_client_admin[NON-XML-CHAR-0x1B][0m
[NON-XML-CHAR-0x1B][35mConnected to MongoDB: mongodb://localhost:27017/girder_test_web_client_admin[NON-XML-CHAR-0x1B][0m
[NON-XML-CHAR-0x1B][32m. Test the assetstore page -&gt; Create, switch to, and delete a gridfs assetstore[NON-XML-CHAR-0x1B][0m
[NON-XML-CHAR-0x1B][32m. Test the assetstore page -&gt; Create, switch to, and delete a gridfs-rs assetstore[NON-XML-CHAR-0x1B][0m
[NON-XML-CHAR-0x1B][32m. Test the assetstore page -&gt; Create, switch to, and delete a s3 assetstore[NON-XML-CHAR-0x1B][0m
[NON-XML-CHAR-0x1B][32m. Test the assetstore page -&gt; logout from admin account[NON-XML-CHAR-0x1B][0m
[NON-XML-CHAR-0x1B][32m. Test the assetstore page -&gt; logout and check for redirect to front page from assetstore page[NON-XML-CHAR-0x1B][0m

[NON-XML-CHAR-0x1B][32mTest the assetstore page: 9 of 9 passed.[NON-XML-CHAR-0x1B][0m
401 Unauthorized {"message": "Administrator access required.", "type": "access"}
[NON-XML-CHAR-0x1B][32m. Test the plugins page -&gt; Test that anonymous loading plugins page prompts login[NON-XML-CHAR-0x1B][0m
[NON-XML-CHAR-0x1B][32m. Test the plugins page -&gt; Login as admin[NON-XML-CHAR-0x1B][0m
[NON-XML-CHAR-0x1B][32m. Test the plugins page -&gt; Go to plugins page[NON-XML-CHAR-0x1B][0m
[NON-XML-CHAR-0x1B][32m. Test the plugins page -&gt; Enable a plugin with non-existent dependencies[NON-XML-CHAR-0x1B][0m
jQuery.Deferred exception: undefined is not a function (near '...}).error(function () {...') wait@http://localhost:30005/clients/web/static/built/girder_lib.min.js:25294:25
http://localhost:30005/clients/web/static/built/girder_lib.min.js:25298:17
s@http://localhost:30005/test/lib/promise.min.js:1:1369
o@http://localhost:30005/test/lib/promise.min.js:1:327
waitForServer@http://localhost:30005/clients/web/static/built/girder_lib.min.js:25281:27
http://localhost:30005/clients/web/static/built/girder_lib.min.js:25314:29
mightThrow@http://localhost:30005/clients/web/static/built/girder_lib.min.js:8489:34
http://localhost:30005/clients/web/static/built/girder_lib.min.js:8557:22 undefined
Possible Unhandled Promise Rejection: TypeError: undefined is not a function (near '...}).error(function () {...')
ERROR: TypeError: undefined is not a function (near '...}).error(function () {...')
TRACE:
 -&gt; http://localhost:30005/clients/web/static/built/girder_lib.min.js: 25294 (in function "wait")

  phantomjs://code/specRunner.js:143 in onError
Saved phantom_error_screenshot.png

-----------------------
Jasmine runner starting
-----------------------
[NON-XML-CHAR-0x1B][32m. Create an admin and non-admin user -&gt; No admin console without logging in[NON-XML-CHAR-0x1B][0m
[NON-XML-CHAR-0x1B][32m. Create an admin and non-admin user -&gt; register a user (first is admin)[NON-XML-CHAR-0x1B][0m
[NON-XML-CHAR-0x1B][32m. Create an admin and non-admin user -&gt; Admin console should show when admin is logged in[NON-XML-CHAR-0x1B][0m
[NON-XML-CHAR-0x1B][32m. Create an admin and non-admin user -&gt; logout from admin account[NON-XML-CHAR-0x1B][0m
[NON-XML-CHAR-0x1B][32m. Create an admin and non-admin user -&gt; No admin console directly after admin logs out[NON-XML-CHAR-0x1B][0m
[NON-XML-CHAR-0x1B][32m. Create an admin and non-admin user -&gt; register a (normal user)[NON-XML-CHAR-0x1B][0m
[NON-XML-CHAR-0x1B][32m. Create an admin and non-admin user -&gt; No admin console when logging in as a normal user[NON-XML-CHAR-0x1B][0m
[NON-XML-CHAR-0x1B][32m. Create an admin and non-admin user -&gt; go to groups page[NON-XML-CHAR-0x1B][0m
[NON-XML-CHAR-0x1B][32m. Create an admin and non-admin user -&gt; Create a public group[NON-XML-CHAR-0x1B][0m

[NON-XML-CHAR-0x1B][32mCreate an admin and non-admin user: 13 of 13 passed.[NON-XML-CHAR-0x1B][0m
[NON-XML-CHAR-0x1B][32m. Test the settings page -&gt; Logout[NON-XML-CHAR-0x1B][0m
401 Unauthorized {"message": "Administrator access required.", "type": "access"}
[NON-XML-CHAR-0x1B][32m. Test the settings page -&gt; Test that anonymous loading settings page prompts login[NON-XML-CHAR-0x1B][0m
[NON-XML-CHAR-0x1B][32m. Test the settings page -&gt; Login as admin[NON-XML-CHAR-0x1B][0m
[NON-XML-CHAR-0x1B][32m. Test the settings page -&gt; Go to settings page[NON-XML-CHAR-0x1B][0m
[NON-XML-CHAR-0x1B][32m. Test the settings page -&gt; Settings should display their expected values[NON-XML-CHAR-0x1B][0m
[NON-XML-CHAR-0x1B][32m. Test the settings page -&gt; Change settings[NON-XML-CHAR-0x1B][0m
[NON-XML-CHAR-0x1B][32m. Test the settings page -&gt; Use search to update collection create policy[NON-XML-CHAR-0x1B][0m
[NON-XML-CHAR-0x1B][32m. Test the settings page -&gt; logout and check for redirect to front page from settings page[NON-XML-CHAR-0x1B][0m

[NON-XML-CHAR-0x1B][32mTest the settings page: 12 of 12 passed.[NON-XML-CHAR-0x1B][0m
401 Unauthorized {"message": "Administrator access required.", "type": "access"}
[NON-XML-CHAR-0x1B][32m. Test the assetstore page -&gt; Test that anonymous loading assetstore page prompts login[NON-XML-CHAR-0x1B][0m
[NON-XML-CHAR-0x1B][32m. Test the assetstore page -&gt; Go to assetstore page[NON-XML-CHAR-0x1B][0m
[NON-XML-CHAR-0x1B][32m. Test the assetstore page -&gt; Create, switch to, and delete a filesystem assetstore[NON-XML-CHAR-0x1B][0m
[NON-XML-CHAR-0x1B][32m. Test the assetstore page -&gt; Create, switch to, and delete a gridfs assetstore[NON-XML-CHAR-0x1B][0m
[NON-XML-CHAR-0x1B][32m. Test the assetstore page -&gt; Create, switch to, and delete a gridfs-rs assetstore[NON-XML-CHAR-0x1B][0m
[NON-XML-CHAR-0x1B][32m. Test the assetstore page -&gt; Create, switch to, and delete a s3 assetstore[NON-XML-CHAR-0x1B][0m
[NON-XML-CHAR-0x1B][32m. Test the assetstore page -&gt; logout from admin account[NON-XML-CHAR-0x1B][0m
[NON-XML-CHAR-0x1B][32m. Test the assetstore page -&gt; logout and check for redirect to front page from assetstore page[NON-XML-CHAR-0x1B][0m

[NON-XML-CHAR-0x1B][32mTest the assetstore page: 9 of 9 passed.[NON-XML-CHAR-0x1B][0m
401 Unauthorized {"message": "Administrator access required.", "type": "access"}
[NON-XML-CHAR-0x1B][32m. Test the plugins page -&gt; Test that anonymous loading plugins page prompts login[NON-XML-CHAR-0x1B][0m
[NON-XML-CHAR-0x1B][32m. Test the plugins page -&gt; Login as admin[NON-XML-CHAR-0x1B][0m
[NON-XML-CHAR-0x1B][32m. Test the plugins page -&gt; Go to plugins page[NON-XML-CHAR-0x1B][0m
[NON-XML-CHAR-0x1B][32m. Test the plugins page -&gt; Enable a plugin with non-existent dependencies[NON-XML-CHAR-0x1B][0m
jQuery.Deferred exception: undefined is not a function (near '...}).error(function () {...') wait@http://localhost:30005/clients/web/static/built/girder_lib.min.js:25294:25
http://localhost:30005/clients/web/static/built/girder_lib.min.js:25298:17
s@http://localhost:30005/test/lib/promise.min.js:1:1369
o@http://localhost:30005/test/lib/promise.min.js:1:327
waitForServer@http://localhost:30005/clients/web/static/built/girder_lib.min.js:25281:27
http://localhost:30005/clients/web/static/built/girder_lib.min.js:25314:29
mightThrow@http://localhost:30005/clients/web/static/built/girder_lib.min.js:8489:34
http://localhost:30005/clients/web/static/built/girder_lib.min.js:8557:22 undefined
Possible Unhandled Promise Rejection: TypeError: undefined is not a function (near '...}).error(function () {...')
ERROR: TypeError: undefined is not a function (near '...}).error(function () {...')
TRACE:
 -&gt; http://localhost:30005/clients/web/static/built/girder_lib.min.js: 25294 (in function "wait")

  phantomjs://code/specRunner.js:143 in onError
Saved phantom_error_screenshot.png

-----------------------
Jasmine runner starting
-----------------------
[NON-XML-CHAR-0x1B][32m. Create an admin and non-admin user -&gt; No admin console without logging in[NON-XML-CHAR-0x1B][0m
[NON-XML-CHAR-0x1B][32m. Create an admin and non-admin user -&gt; register a user (first is admin)[NON-XML-CHAR-0x1B][0m
[NON-XML-CHAR-0x1B][32m. Create an admin and non-admin user -&gt; Admin console should show when admin is logged in[NON-XML-CHAR-0x1B][0m
[NON-XML-CHAR-0x1B][32m. Create an admin and non-admin user -&gt; logout from admin account[NON-XML-CHAR-0x1B][0m
[NON-XML-CHAR-0x1B][32m. Create an admin and non-admin user -&gt; No admin console directly after admin logs out[NON-XML-CHAR-0x1B][0m
[NON-XML-CHAR-0x1B][32m. Create an admin and non-admin user -&gt; register a (normal user)[NON-XML-CHAR-0x1B][0m
[NON-XML-CHAR-0x1B][32m. Create an admin and non-admin user -&gt; No admin console when logging in as a normal user[NON-XML-CHAR-0x1B][0m
[NON-XML-CHAR-0x1B][32m. Create an admin and non-admin user -&gt; go to groups page[NON-XML-CHAR-0x1B][0m
[NON-XML-CHAR-0x1B][32m. Create an admin and non-admin user -&gt; Create a public group[NON-XML-CHAR-0x1B][0m

[NON-XML-CHAR-0x1B][32mCreate an admin and non-admin user: 13 of 13 passed.[NON-XML-CHAR-0x1B][0m
[NON-XML-CHAR-0x1B][32m. Test the settings page -&gt; Logout[NON-XML-CHAR-0x1B][0m
401 Unauthorized {"message": "Administrator access required.", "type": "access"}
[NON-XML-CHAR-0x1B][32m. Test the settings page -&gt; Test that anonymous loading settings page prompts login[NON-XML-CHAR-0x1B][0m
[NON-XML-CHAR-0x1B][32m. Test the settings page -&gt; Login as admin[NON-XML-CHAR-0x1B][0m
[NON-XML-CHAR-0x1B][32m. Test the settings page -&gt; Go to settings page[NON-XML-CHAR-0x1B][0m
[NON-XML-CHAR-0x1B][32m. Test the settings page -&gt; Settings should display their expected values[NON-XML-CHAR-0x1B][0m
[NON-XML-CHAR-0x1B][32m. Test the settings page -&gt; Change settings[NON-XML-CHAR-0x1B][0m
[NON-XML-CHAR-0x1B][32m. Test the settings page -&gt; Use search to update collection create policy[NON-XML-CHAR-0x1B][0m
[NON-XML-CHAR-0x1B][32m. Test the settings page -&gt; logout and check for redirect to front page from settings page[NON-XML-CHAR-0x1B][0m

[NON-XML-CHAR-0x1B][32mTest the settings page: 12 of 12 passed.[NON-XML-CHAR-0x1B][0m
401 Unauthorized {"message": "Administrator access required.", "type": "access"}
[NON-XML-CHAR-0x1B][32m. Test the assetstore page -&gt; Test that anonymous loading assetstore page prompts login[NON-XML-CHAR-0x1B][0m
[NON-XML-CHAR-0x1B][32m. Test the assetstore page -&gt; Go to assetstore page[NON-XML-CHAR-0x1B][0m
[NON-XML-CHAR-0x1B][32m. Test the assetstore page -&gt; Create, switch to, and delete a filesystem assetstore[NON-XML-CHAR-0x1B][0m
[NON-XML-CHAR-0x1B][32m. Test the assetstore page -&gt; Create, switch to, and delete a gridfs assetstore[NON-XML-CHAR-0x1B][0m
[NON-XML-CHAR-0x1B][32m. Test the assetstore page -&gt; Create, switch to, and delete a gridfs-rs assetstore[NON-XML-CHAR-0x1B][0m
[NON-XML-CHAR-0x1B][32m. Test the assetstore page -&gt; Create, switch to, and delete a s3 assetstore[NON-XML-CHAR-0x1B][0m
[NON-XML-CHAR-0x1B][32m. Test the assetstore page -&gt; logout from admin account[NON-XML-CHAR-0x1B][0m
[NON-XML-CHAR-0x1B][32m. Test the assetstore page -&gt; logout and check for redirect to front page from assetstore page[NON-XML-CHAR-0x1B][0m

[NON-XML-CHAR-0x1B][32mTest the assetstore page: 9 of 9 passed.[NON-XML-CHAR-0x1B][0m
401 Unauthorized {"message": "Administrator access required.", "type": "access"}
[NON-XML-CHAR-0x1B][32m. Test the plugins page -&gt; Test that anonymous loading plugins page prompts login[NON-XML-CHAR-0x1B][0m
[NON-XML-CHAR-0x1B][32m. Test the plugins page -&gt; Login as admin[NON-XML-CHAR-0x1B][0m
[NON-XML-CHAR-0x1B][32m. Test the plugins page -&gt; Go to plugins page[NON-XML-CHAR-0x1B][0m
[NON-XML-CHAR-0x1B][32m. Test the plugins page -&gt; Enable a plugin with non-existent dependencies[NON-XML-CHAR-0x1B][0m
jQuery.Deferred exception: undefined is not a function (near '...}).error(function () {...') wait@http://localhost:30005/clients/web/static/built/girder_lib.min.js:25294:25
http://localhost:30005/clients/web/static/built/girder_lib.min.js:25298:17
s@http://localhost:30005/test/lib/promise.min.js:1:1369
o@http://localhost:30005/test/lib/promise.min.js:1:327
waitForServer@http://localhost:30005/clients/web/static/built/girder_lib.min.js:25281:27
http://localhost:30005/clients/web/static/built/girder_lib.min.js:25314:29
mightThrow@http://localhost:30005/clients/web/static/built/girder_lib.min.js:8489:34
http://localhost:30005/clients/web/static/built/girder_lib.min.js:8557:22 undefined
Possible Unhandled Promise Rejection: TypeError: undefined is not a function (near '...}).error(function () {...')
ERROR: TypeError: undefined is not a function (near '...}).error(function () {...')
TRACE:
 -&gt; http://localhost:30005/clients/web/static/built/girder_lib.min.js: 25294 (in function "wait")

  phantomjs://code/specRunner.js:143 in onError
Saved phantom_error_screenshot.png

/home/jcfr/.virtualenvs/girder_env/lib/python3.5/site-packages/cherrypy/_cperror.py:495: DeprecationWarning: cgi.escape is deprecated, use html.escape instead
  kwargs[k] = _escape(kwargs[k])
/home/jcfr/.virtualenvs/girder_env/lib/python3.5/site-packages/bcrypt/__init__.py:46: UserWarning: implicit cast to 'char *' from a different pointer type: will be forbidden in the future (check that the types are as you expect; use an explicit ffi.cast() if they are correct)
  b"$" + prefix + b"$", rounds, salt, len(salt), output, len(output),
Retrying test
/home/jcfr/Projects/girder/tests/web_client_test.py:189: ResourceWarning: unclosed file &lt;_io.BufferedReader name=12&gt;
  stderr=subprocess.STDOUT)
Retrying test
/home/jcfr/Projects/girder/tests/web_client_test.py:189: ResourceWarning: unclosed file &lt;_io.BufferedReader name=13&gt;
  stderr=subprocess.STDOUT)
Retrying test
FAIL
/usr/lib/python3.5/unittest/case.py:628: ResourceWarning: unclosed file &lt;_io.BufferedReader name=12&gt;
  outcome.errors.clear()

======================================================================
FAIL: testWebClientSpec (tests.web_client_test.WebClientTestCase)
----------------------------------------------------------------------
Traceback (most recent call last):
  File "/home/jcfr/Projects/girder/tests/web_client_test.py", line 225, in testWebClientSpec
    self.assertEqual(returncode, 0)
AssertionError: 1 != 0

----------------------------------------------------------------------
Ran 1 test in 50.483s

FAILED (failures=1)
</Value>
				</Measurement>
			</Results>
			<Labels>
				<Label>girder_browser</Label>
			</Labels>
		</Test>
		<Test Status="passed">
			<Name>js_coverage_combine_report</Name>
			<Path>.</Path>
			<FullName>./js_coverage_combine_report</FullName>
			<FullCommandLine>/home/jcfr/Projects/girder/node_modules/.bin/istanbul "report" "--config" "/home/jcfr/Projects/girder/.istanbul.yml" "--root" "/home/jcfr/Projects/girder-build/js_coverage" "--include" "*.cvg" "--dir" "/home/jcfr/Projects/girder-build/coverage" "text-summary" "lcovonly" "cobertura" "html"</FullCommandLine>
			<Results>
				<NamedMeasurement type="numeric/double" name="Execution Time">
					<Value>0.603027</Value>
				</NamedMeasurement>
				<NamedMeasurement type="text/string" name="Completion Status">
					<Value>Completed</Value>
				</NamedMeasurement>
				<NamedMeasurement type="text/string" name="Command Line">
					<Value>/home/jcfr/Projects/girder/node_modules/.bin/istanbul "report" "--config" "/home/jcfr/Projects/girder/.istanbul.yml" "--root" "/home/jcfr/Projects/girder-build/js_coverage" "--include" "*.cvg" "--dir" "/home/jcfr/Projects/girder-build/coverage" "text-summary" "lcovonly" "cobertura" "html"</Value>
				</NamedMeasurement>
				<Measurement>
					<Value>
=============================== Coverage summary ===============================
Statements   : Unknown% ( 0/0 )
Branches     : Unknown% ( 0/0 )
Functions    : Unknown% ( 0/0 )
Lines        : Unknown% ( 0/0 )
================================================================================
</Value>
				</Measurement>
			</Results>
			<Labels>
				<Label>girder_browser</Label>
			</Labels>
		</Test>
		<Test Status="passed">
			<Name>py_coverage_html</Name>
			<Path>.</Path>
			<FullName>./py_coverage_html</FullName>
			<FullCommandLine>/home/jcfr/.virtualenvs/girder_env/bin/coverage "html" "--rcfile=/home/jcfr/Projects/girder-build/tests/girder.coveragerc" "-d" "/home/jcfr/Projects/girder/clients/web/dev/built/py_coverage" "--title=Girder Coverage Report"</FullCommandLine>
			<Results>
				<NamedMeasurement type="numeric/double" name="Execution Time">
					<Value>1.1264</Value>
				</NamedMeasurement>
				<NamedMeasurement type="text/string" name="Completion Status">
					<Value>Completed</Value>
				</NamedMeasurement>
				<NamedMeasurement type="text/string" name="Command Line">
					<Value>/home/jcfr/.virtualenvs/girder_env/bin/coverage "html" "--rcfile=/home/jcfr/Projects/girder-build/tests/girder.coveragerc" "-d" "/home/jcfr/Projects/girder/clients/web/dev/built/py_coverage" "--title=Girder Coverage Report"</Value>
				</NamedMeasurement>
				<Measurement>
					<Value></Value>
				</Measurement>
			</Results>
			<Labels>
				<Label>girder_python</Label>
			</Labels>
		</Test>
		<Test Status="passed">
			<Name>py_coverage_xml</Name>
			<Path>.</Path>
			<FullName>./py_coverage_xml</FullName>
			<FullCommandLine>/home/jcfr/.virtualenvs/girder_env/bin/coverage "xml" "--rcfile=/home/jcfr/Projects/girder-build/tests/girder.coveragerc" "-o" "/home/jcfr/Projects/girder-build/coverage.xml"</FullCommandLine>
			<Results>
				<NamedMeasurement type="numeric/double" name="Execution Time">
					<Value>1.32663</Value>
				</NamedMeasurement>
				<NamedMeasurement type="text/string" name="Completion Status">
					<Value>Completed</Value>
				</NamedMeasurement>
				<NamedMeasurement type="text/string" name="Command Line">
					<Value>/home/jcfr/.virtualenvs/girder_env/bin/coverage "xml" "--rcfile=/home/jcfr/Projects/girder-build/tests/girder.coveragerc" "-o" "/home/jcfr/Projects/girder-build/coverage.xml"</Value>
				</NamedMeasurement>
				<Measurement>
					<Value></Value>
				</Measurement>
			</Results>
			<Labels>
				<Label>girder_python</Label>
			</Labels>
		</Test>
		<EndDateTime>Apr 26 01:54 EDT</EndDateTime>
		<EndTestTime>1493186063</EndTestTime>
		<ElapsedMinutes>6.8</ElapsedMinutes>
	</Testing>
</Site>
